[INFO 00:00] (Launch#main) - Game container fired up
[INFO 00:00] (AsteroidsGame#initStatesList) - Background image loaded
[INFO 00:01] (PlayState#init) - Background music loaded
[INFO 00:01] (Player#<init>) - Player initialized
[INFO 00:01] (Player#init) - Still animation loaded
[INFO 00:01] (Player#init) - Moving animation loaded
[INFO 00:01] (PlayState#init) - Game was loaded in 404 ms
[INFO 00:01] (Asteroid#<init>) - Asteroid spawned in at: (1095x, 519y) with 0 deg as rotation and size 1
[INFO 00:01] (Asteroid#<init>) - Asteroid spawned in at: (871x, 438y) with 0 deg as rotation and size 1
[INFO 00:02] (Bullet#<init>) - Bullet fired at (662x, 363y) with a rotation of 52 deg
[INFO 00:02] (Player#updateScore) - Gained 100 points
[INFO 00:02] (Asteroid#<init>) - Asteroid spawned in at: (711x, 273y) with 357 deg as rotation and size 2
[INFO 00:02] (Asteroid#<init>) - Asteroid spawned in at: (711x, 273y) with 177 deg as rotation and size 2
[INFO 00:02] (PlayState#update) - Asteroid destroyed and instance removed from the game
[INFO 00:03] (Bullet#<init>) - Bullet fired at (635x, 350y) with a rotation of 0 deg
[INFO 00:03] (Player#updateScore) - Gained 200 points
[INFO 00:03] (Asteroid#<init>) - Asteroid spawned in at: (590x, 159y) with 67 deg as rotation and size 3
[INFO 00:03] (Asteroid#<init>) - Asteroid spawned in at: (590x, 159y) with 112 deg as rotation and size 3
[INFO 00:03] (PlayState#update) - Asteroid destroyed and instance removed from the game
[INFO 00:04] (Bullet#<init>) - Bullet fired at (610x, 360y) with a rotation of -45 deg
[INFO 00:04] (Player#updateScore) - Gained 300 points
[INFO 00:04] (PlayState#update) - Asteroid destroyed and instance removed from the game
[INFO 00:04] (Player#handleMovement) - Position changed from (599.108, 349.485) to (599.108, 349.485)
[INFO 00:05] (Bullet#<init>) - Bullet fired at (191x, 416y) with a rotation of 115 deg
[INFO 00:06] (Bullet#<init>) - Bullet fired at (148x, 397y) with a rotation of 95 deg
[INFO 00:06] (Bullet#<init>) - Bullet fired at (124x, 393y) with a rotation of 95 deg
[INFO 00:07] (Player#updateScore) - Gained 200 points
[INFO 00:07] (Asteroid#<init>) - Asteroid spawned in at: (547x, 403y) with 161 deg as rotation and size 3
[INFO 00:07] (Asteroid#<init>) - Asteroid spawned in at: (547x, 403y) with 18 deg as rotation and size 3
[INFO 00:07] (PlayState#update) - Asteroid destroyed and instance removed from the game
[INFO 00:07] (Bullet#<init>) - Bullet fired at (119x, 392y) with a rotation of 95 deg
[INFO 00:07] (Player#updateScore) - Gained 300 points
[INFO 00:08] (PlayState#update) - Asteroid destroyed and instance removed from the game
[INFO 00:08] (Player#handleMovement) - Position changed from (599.108, 349.485) to (50.296494, 354.5025)
