#
# A fatal error has been detected by the Java Runtime Environment:
#
#  SIGILL (0x4) at pc=0x00007fff922972ea, pid=3358, tid=1811
#
# JRE version: Java(TM) SE Runtime Environment (8.0_60-b27) (build 1.8.0_60-b27)
# Java VM: Java HotSpot(TM) 64-Bit Server VM (25.60-b23 mixed mode bsd-amd64 compressed oops)
# Problematic frame:
# C  [libobjc.A.dylib+0x122ea]  _objc_trap()+0x0
#
# Failed to write core dump. Core dumps have been disabled. To enable core dumping, try "ulimit -c unlimited" before starting Java again
#
# If you would like to submit a bug report, please visit:
#   http://bugreport.java.com/bugreport/crash.jsp
# The crash happened outside the Java Virtual Machine in native code.
# See problematic frame for where to report the bug.
#

---------------  T H R E A D  ---------------

Current thread (0x00007fdf9c019800):  JavaThread "AppKit Thread" daemon [_thread_in_native, id=1811, stack(0x00007fff56445000,0x00007fff56c45000)]

siginfo: si_signo: 4 (SIGILL), si_code: 1 (ILL_ILLOPC), si_addr: 0x00007fff922972ea

Registers:
RAX=0x0000000000000000, RBX=0x00007fdf9bd6d860, RCX=0x0000000000000000, RDX=0x00007fff7c19e1e0
RSP=0x00007fff56c3fa88, RBP=0x00007fff56c3fb70, RSI=0x0000010000000100, RDI=0x0000000000000103
R8 =0x00007fff56c3fa30, R9 =0x00000000fffffffe, R10=0x0000000000000000, R11=0x00000000000003b0
R12=0x00007fff7cd56070, R13=0x00007fff7c1a7e80, R14=0x00007fff7c1a93a8, R15=0x00007fdf9bf4cb78
RIP=0x00007fff922972ea, EFLAGS=0x0000000000010202, ERR=0x0000000000000000
  TRAPNO=0x0000000000000006

Top of Stack: (sp=0x00007fff56c3fa88)
0x00007fff56c3fa88:   00007fff9229742a 0000000000000000
0x00007fff56c3fa98:   00007fdf9bd6d860 00007fff8e0acbd5
0x00007fff56c3faa8:   00007fff8e0acbd5 000000000000005f
0x00007fff56c3fab8:   00007fdf9bd6d860 00007fff56c3faf0
0x00007fff56c3fac8:   00007fff922a7225 00007fff56c3fb30
0x00007fff56c3fad8:   00007fff9229ada1 00007fff7c1a9390
0x00007fff56c3fae8:   00007fff7cd56070 00007fff56c3fb50
0x00007fff56c3faf8:   00007fdf9bf4cb78 00007fff56c3fb30
0x00007fff56c3fb08:   00007fff8e0acbd5 00007fff8e0acbd5
0x00007fff56c3fb18:   0000000000000000 00007fff7b7f60b0
0x00007fff56c3fb28:   00007fdf9bf4cb78 00007fff56c3fb70
0x00007fff56c3fb38:   00007fff9229c5ad 00007fdf9bc891a0
0x00007fff56c3fb48:   00007fdf9bc893b0 0000003000000018
0x00007fff56c3fb58:   00007fff56c3fb80 00007fff56c3fa90
0x00007fff56c3fb68:   00007fdf9bf4cb78 00007fff56c3fbe0
0x00007fff56c3fb78:   00007fff9228ec87 0000000000000000
0x00007fff56c3fb88:   00007fdf9bf148d0 00007fff7c1a7e80
0x00007fff56c3fb98:   00007fdf9bf4caf8 00007fff56c3fc00
0x00007fff56c3fba8:   00007fff9228eb21 f900b7c782a9d785
0x00007fff56c3fbb8:   00007fff7c1a7e80 0000000000000000
0x00007fff56c3fbc8:   00007fff7c1a7e80 00007fdf9bf4cb78
0x00007fff56c3fbd8:   00007fff7c1a9380 00007fff56c3fc40
0x00007fff56c3fbe8:   00007fff9228eac7 000000000000000f
0x00007fff56c3fbf8:   00007fdf9bd6d860 0000000000001500
0x00007fff56c3fc08:   00007fdf9bf4cb78 000000000000000f
0x00007fff56c3fc18:   00007fdf9bd5aa80 0000000000000000
0x00007fff56c3fc28:   00007fdf9be614b0 00007fdf9bf4c950
0x00007fff56c3fc38:   00007fdf9bd6d860 00007fff56c3fc80
0x00007fff56c3fc48:   00007fff97c9d20c 00007fdf9bd5aa80
0x00007fff56c3fc58:   0000000000000000 00007fdf9bd6d860
0x00007fff56c3fc68:   00007fff922860c0 00007fdf9bd5aa80
0x00007fff56c3fc78:   00007fff7b80dbd8 00007fff56c3fcb0 

Instructions: (pc=0x00007fff922972ea)
0x00007fff922972ca:   c0 44 89 f2 e8 1f 08 01 00 48 8b 7d e0 e8 30 cc
0x00007fff922972da:   ff ff 48 8b 7d e0 e8 d3 15 ff ff e8 00 00 00 00
0x00007fff922972ea:   0f 0b 55 48 89 e5 48 81 ec d0 00 00 00 84 c0 74
0x00007fff922972fa:   26 0f 29 85 60 ff ff ff 0f 29 8d 70 ff ff ff 0f 

Register to memory mapping:

RAX=0x0000000000000000 is an unknown value
RBX=0x00007fdf9bd6d860 is an unknown value
RCX=0x0000000000000000 is an unknown value
RDX=0x00007fff7c19e1e0: _ZZL14_objc_crashlogPKcE13crashlog_lock+0x20 in /usr/lib/libobjc.A.dylib at 0x00007fff92285000
RSP=0x00007fff56c3fa88 is pointing into the stack for thread: 0x00007fdf9c019800
RBP=0x00007fff56c3fb70 is pointing into the stack for thread: 0x00007fdf9c019800
RSI=0x0000010000000100 is an unknown value
RDI=0x0000000000000103 is an unknown value
R8 =0x00007fff56c3fa30 is pointing into the stack for thread: 0x00007fdf9c019800
R9 =0x00000000fffffffe is an unknown value
R10=0x0000000000000000 is an unknown value
R11=0x00000000000003b0 is an unknown value
R12=0x00007fff7cd56070: __stack_chk_guard+0 in /usr/lib/system/libsystem_c.dylib at 0x00007fff97378000
R13=0x00007fff7c1a7e80: _ZN12_GLOBAL__N_19SideTable9table_bufE+0 in /usr/lib/libobjc.A.dylib at 0x00007fff92285000
R14=0x00007fff7c1a93a8: _ZN12_GLOBAL__N_19SideTable9table_bufE+0x1528 in /usr/lib/libobjc.A.dylib at 0x00007fff92285000
R15=0x00007fdf9bf4cb78 is an unknown value


Stack: [0x00007fff56445000,0x00007fff56c45000],  sp=0x00007fff56c3fa88,  free space=8170k
Native frames: (J=compiled Java code, j=interpreted, Vv=VM code, C=native code)
C  [libobjc.A.dylib+0x122ea]  _objc_trap()+0x0
C  [libobjc.A.dylib+0x9c87]  class_getMethodImplementation+0x0
C  [libobjc.A.dylib+0x9ac7]  objc_storeWeak+0xe9
C  [Foundation+0x1620c]  -[NSConcreteMapTable setObject:forKey:]+0x6e
C  [AppKit+0x31df3e]  -[NSView(NSOpenGLContextAssociation) _setOpenGLContext:]+0xf2
C  [AppKit+0x31db54]  -[NSOpenGLContext setView:]+0x5b
C  [liblwjgl.dylib+0xa586]  -[MacOSXOpenGLView lockFocus]+0x76
C  [AppKit+0xe1f45]  -[NSView _recursiveDisplayRectIfNeededIgnoringOpacity:isVisibleRect:rectIsVisibleRectForView:topView:]+0x740
C  [AppKit+0xe2fa0]  -[NSView _recursiveDisplayRectIfNeededIgnoringOpacity:isVisibleRect:rectIsVisibleRectForView:topView:]+0x179b
C  [AppKit+0xe12f3]  -[NSThemeFrame _recursiveDisplayRectIfNeededIgnoringOpacity:isVisibleRect:rectIsVisibleRectForView:topView:]+0x14d
C  [AppKit+0xdd68b]  -[NSView _displayRectIgnoringOpacity:isVisibleRect:rectIsVisibleRectForView:]+0xac9
C  [AppKit+0x951ae]  -[NSView displayIfNeeded]+0x754
C  [AppKit+0x94a09]  -[NSWindow displayIfNeeded]+0xec
C  [AppKit+0x94672]  _handleWindowNeedsDisplayOrLayoutOrUpdateConstraints+0x3a8
C  [AppKit+0x7ca171]  __83-[NSWindow _postWindowNeedsDisplayOrLayoutOrUpdateConstraintsUnlessPostingDisabled]_block_invoke1540+0x2e
C  [CoreFoundation+0x80127]  __CFRUNLOOP_IS_CALLING_OUT_TO_AN_OBSERVER_CALLBACK_FUNCTION__+0x17
C  [CoreFoundation+0x80080]  __CFRunLoopDoObservers+0x170
C  [CoreFoundation+0x72188]  __CFRunLoopRun+0x368
C  [CoreFoundation+0x71bd8]  CFRunLoopRunSpecific+0x128
C  [HIToolbox+0x3256f]  RunCurrentEventLoopInMode+0xeb
C  [HIToolbox+0x321ee]  ReceiveNextEventCommon+0xb3
C  [HIToolbox+0x3212b]  _BlockUntilNextEventMatchingListInModeWithFilter+0x47
C  [AppKit+0x918ab]  _DPSNextEvent+0x3d2
C  [AppKit+0x90e58]  -[NSApplication nextEventMatchingMask:untilDate:inMode:dequeue:]+0x15a
C  [libosxapp.dylib+0x23aa]  -[NSApplicationAWT nextEventMatchingMask:untilDate:inMode:dequeue:]+0x7c
C  [AppKit+0x86af3]  -[NSApplication run]+0x252
C  [libosxapp.dylib+0x214d]  +[NSApplicationAWT runAWTLoopWithApp:]+0x9c
C  [libawt_lwawt.dylib+0x44517]  -[AWTStarter starter:]+0x389
C  [Foundation+0x92dd0]  __NSThreadPerformPerform+0x125
C  [CoreFoundation+0x80a01]  __CFRUNLOOP_IS_CALLING_OUT_TO_A_SOURCE0_PERFORM_FUNCTION__+0x11
C  [CoreFoundation+0x72b8d]  __CFRunLoopDoSources0+0x10d
C  [CoreFoundation+0x721bf]  __CFRunLoopRun+0x39f
C  [CoreFoundation+0x71bd8]  CFRunLoopRunSpecific+0x128
C  [java+0x6463]  CreateExecutionEnvironment+0x367
C  [java+0x21ac]  JLI_Launch+0x7a0
C  [java+0x84c0]  main+0x65
C  [java+0x1a04]  start+0x34
C  0x0000000000000006


---------------  P R O C E S S  ---------------

Java Threads: ( => current thread )
  0x00007fdf9da54800 JavaThread "Java2D Queue Flusher" daemon [_thread_blocked, id=53087, stack(0x00000001298a0000,0x00000001299a0000)]
  0x00007fdf9d16f000 JavaThread "Java2D Disposer" daemon [_thread_blocked, id=49967, stack(0x000000012970a000,0x000000012980a000)]
  0x00007fdf9c007000 JavaThread "AWT-Shutdown" [_thread_blocked, id=28435, stack(0x0000000123fba000,0x00000001240ba000)]
=>0x00007fdf9c019800 JavaThread "AppKit Thread" daemon [_thread_in_native, id=1811, stack(0x00007fff56445000,0x00007fff56c45000)]
  0x00007fdf9d03b800 JavaThread "Service Thread" daemon [_thread_blocked, id=17923, stack(0x00000001226e0000,0x00000001227e0000)]
  0x00007fdf9c80b800 JavaThread "C1 CompilerThread2" daemon [_thread_blocked, id=17411, stack(0x00000001225dd000,0x00000001226dd000)]
  0x00007fdf9c80b000 JavaThread "C2 CompilerThread1" daemon [_thread_blocked, id=16899, stack(0x00000001224da000,0x00000001225da000)]
  0x00007fdf9c809800 JavaThread "C2 CompilerThread0" daemon [_thread_blocked, id=16387, stack(0x00000001223d7000,0x00000001224d7000)]
  0x00007fdf9c808800 JavaThread "Signal Dispatcher" daemon [_thread_blocked, id=12307, stack(0x00000001222d4000,0x00000001223d4000)]
  0x00007fdf9d034800 JavaThread "Finalizer" daemon [_thread_blocked, id=11523, stack(0x0000000120933000,0x0000000120a33000)]
  0x00007fdf9d034000 JavaThread "Reference Handler" daemon [_thread_blocked, id=11011, stack(0x0000000120830000,0x0000000120930000)]
  0x00007fdf9c010000 JavaThread "main" [_thread_in_native, id=4867, stack(0x00000001090d2000,0x00000001091d2000)]

Other Threads:
  0x00007fdf9c82c000 VMThread [stack: 0x000000012072d000,0x000000012082d000] [id=10499]
  0x00007fdf9c015000 WatcherThread [stack: 0x00000001227e3000,0x00000001228e3000] [id=18435]

VM state:not at safepoint (normal execution)

VM Mutex/Monitor currently owned by a thread: None

Heap:
 PSYoungGen      total 38400K, used 15529K [0x0000000795580000, 0x000000079a080000, 0x00000007c0000000)
  eden space 33280K, 31% used [0x0000000795580000,0x0000000795fb1d80,0x0000000797600000)
  from space 5120K, 99% used [0x0000000797b00000,0x0000000797ff8938,0x0000000798000000)
  to   space 5120K, 0% used [0x0000000797600000,0x0000000797600000,0x0000000797b00000)
 ParOldGen       total 87552K, used 41227K [0x0000000740000000, 0x0000000745580000, 0x0000000795580000)
  object space 87552K, 47% used [0x0000000740000000,0x0000000742842d88,0x0000000745580000)
 Metaspace       used 9678K, capacity 9825K, committed 10112K, reserved 1058816K
  class space    used 1033K, capacity 1087K, committed 1152K, reserved 1048576K

Card table byte_map: [0x0000000119d7e000,0x000000011a17f000] byte_map_base: 0x000000011637e000

Marking Bits: (ParMarkBitMap*) 0x000000010a2dee20
 Begin Bits: [0x000000011a836000, 0x000000011c836000)
 End Bits:   [0x000000011c836000, 0x000000011e836000)

Polling page: 0x00000001091e2000

CodeCache: size=245760Kb used=3233Kb max_used=3233Kb free=242526Kb
 bounds [0x000000010a9be000, 0x000000010acee000, 0x00000001199be000]
 total_blobs=1289 nmethods=778 adapters=425
 compilation: enabled

Compilation events (10 events):
Event: 2.877 Thread 0x00007fdf9c80b800 nmethod 772 0x000000010ace6450 code [0x000000010ace65c0, 0x000000010ace6810]
Event: 2.878 Thread 0x00007fdf9c80b800  773       3       org.lwjgl.Sys::getTime (13 bytes)
Event: 2.878 Thread 0x00007fdf9c80b800 nmethod 773 0x000000010ace6910 code [0x000000010ace6a80, 0x000000010ace6cb0]
Event: 2.878 Thread 0x00007fdf9c80b800  774       3       org.lwjgl.J2SESysImplementation::getTime (4 bytes)
Event: 2.878 Thread 0x00007fdf9c80b800 nmethod 774 0x000000010ace6d50 code [0x000000010ace6ec0, 0x000000010ace7030]
Event: 2.878 Thread 0x00007fdf9c80b800  775       3       org.lwjgl.Sys::getTimerResolution (9 bytes)
Event: 2.879 Thread 0x00007fdf9c80b800 nmethod 775 0x000000010ace70d0 code [0x000000010ace7240, 0x000000010ace7450]
Event: 2.888 Thread 0x00007fdf9c80b800  776   !   3       org.lwjgl.opengl.Display::isFullscreen (34 bytes)
Event: 2.890 Thread 0x00007fdf9c80b800 nmethod 776 0x000000010ace7510 code [0x000000010ace7680, 0x000000010ace7ab0]
Event: 2.893 Thread 0x00007fdf9c80b800  777       3       java.nio.HeapByteBuffer::compact (52 bytes)

GC Heap History (4 events):
Event: 1.824 GC heap before
{Heap before GC invocations=1 (full 0):
 PSYoungGen      total 38400K, used 29198K [0x0000000795580000, 0x0000000798000000, 0x00000007c0000000)
  eden space 33280K, 87% used [0x0000000795580000,0x0000000797203a00,0x0000000797600000)
  from space 5120K, 0% used [0x0000000797b00000,0x0000000797b00000,0x0000000798000000)
  to   space 5120K, 0% used [0x0000000797600000,0x0000000797600000,0x0000000797b00000)
 ParOldGen       total 87552K, used 0K [0x0000000740000000, 0x0000000745580000, 0x0000000795580000)
  object space 87552K, 0% used [0x0000000740000000,0x0000000740000000,0x0000000745580000)
 Metaspace       used 9461K, capacity 9633K, committed 9856K, reserved 1058816K
  class space    used 1016K, capacity 1087K, committed 1152K, reserved 1048576K
Event: 1.840 GC heap after
Heap after GC invocations=1 (full 0):
 PSYoungGen      total 38400K, used 5109K [0x0000000795580000, 0x0000000798000000, 0x00000007c0000000)
  eden space 33280K, 0% used [0x0000000795580000,0x0000000795580000,0x0000000797600000)
  from space 5120K, 99% used [0x0000000797600000,0x0000000797afd5f8,0x0000000797b00000)
  to   space 5120K, 0% used [0x0000000797b00000,0x0000000797b00000,0x0000000798000000)
 ParOldGen       total 87552K, used 21838K [0x0000000740000000, 0x0000000745580000, 0x0000000795580000)
  object space 87552K, 24% used [0x0000000740000000,0x0000000741553888,0x0000000745580000)
 Metaspace       used 9461K, capacity 9633K, committed 9856K, reserved 1058816K
  class space    used 1016K, capacity 1087K, committed 1152K, reserved 1048576K
}
Event: 1.971 GC heap before
{Heap before GC invocations=2 (full 0):
 PSYoungGen      total 38400K, used 38389K [0x0000000795580000, 0x0000000798000000, 0x00000007c0000000)
  eden space 33280K, 100% used [0x0000000795580000,0x0000000797600000,0x0000000797600000)
  from space 5120K, 99% used [0x0000000797600000,0x0000000797afd5f8,0x0000000797b00000)
  to   space 5120K, 0% used [0x0000000797b00000,0x0000000797b00000,0x0000000798000000)
 ParOldGen       total 87552K, used 21838K [0x0000000740000000, 0x0000000745580000, 0x0000000795580000)
  object space 87552K, 24% used [0x0000000740000000,0x0000000741553888,0x0000000745580000)
 Metaspace       used 9518K, capacity 9697K, committed 9856K, reserved 1058816K
  class space    used 1018K, capacity 1087K, committed 1152K, reserved 1048576K
Event: 1.986 GC heap after
Heap after GC invocations=2 (full 0):
 PSYoungGen      total 38400K, used 5090K [0x0000000795580000, 0x000000079a080000, 0x00000007c0000000)
  eden space 33280K, 0% used [0x0000000795580000,0x0000000795580000,0x0000000797600000)
  from space 5120K, 99% used [0x0000000797b00000,0x0000000797ff8938,0x0000000798000000)
  to   space 5120K, 0% used [0x0000000797600000,0x0000000797600000,0x0000000797b00000)
 ParOldGen       total 87552K, used 41227K [0x0000000740000000, 0x0000000745580000, 0x0000000795580000)
  object space 87552K, 47% used [0x0000000740000000,0x0000000742842d88,0x0000000745580000)
 Metaspace       used 9518K, capacity 9697K, committed 9856K, reserved 1058816K
  class space    used 1018K, capacity 1087K, committed 1152K, reserved 1048576K
}

Deoptimization events (8 events):
Event: 0.885 Thread 0x00007fdf9c010000 Uncommon trap: reason=unstable_if action=reinterpret pc=0x000000010ab71b5c method=java.lang.String.replace(CC)Ljava/lang/String; @ 26
Event: 1.617 Thread 0x00007fdf9c010000 Uncommon trap: reason=unstable_if action=reinterpret pc=0x000000010ab679e8 method=java.lang.String.indexOf([CII[CIII)I @ 3
Event: 1.621 Thread 0x00007fdf9c010000 Uncommon trap: reason=class_check action=maybe_recompile pc=0x000000010abf4c10 method=java.util.HashMap.putVal(ILjava/lang/Object;Ljava/lang/Object;ZZ)Ljava/lang/Object; @ 253
Event: 1.621 Thread 0x00007fdf9c010000 Uncommon trap: reason=class_check action=maybe_recompile pc=0x000000010abf4c10 method=java.util.HashMap.putVal(ILjava/lang/Object;Ljava/lang/Object;ZZ)Ljava/lang/Object; @ 253
Event: 1.621 Thread 0x00007fdf9c010000 Uncommon trap: reason=class_check action=maybe_recompile pc=0x000000010abf4c10 method=java.util.HashMap.putVal(ILjava/lang/Object;Ljava/lang/Object;ZZ)Ljava/lang/Object; @ 253
Event: 1.621 Thread 0x00007fdf9c010000 Uncommon trap: reason=class_check action=maybe_recompile pc=0x000000010abf4c10 method=java.util.HashMap.putVal(ILjava/lang/Object;Ljava/lang/Object;ZZ)Ljava/lang/Object; @ 253
Event: 1.998 Thread 0x00007fdf9c010000 Uncommon trap: reason=unstable_if action=reinterpret pc=0x000000010acb40d0 method=java.awt.image.ComponentColorModel.getDataElements(ILjava/lang/Object;)Ljava/lang/Object; @ 2993
Event: 1.998 Thread 0x00007fdf9c010000 Uncommon trap: reason=unstable_if action=reinterpret pc=0x000000010ac96e6c method=sun.awt.image.ByteInterleavedRaster.getDataElements(IILjava/lang/Object;)Ljava/lang/Object; @ 43

Internal exceptions (10 events):
Event: 0.161 Thread 0x00007fdf9c010000 Exception <a 'java/security/PrivilegedActionException'> (0x00000007958b40f8) thrown at [/Users/java_re/workspace/8-2-build-macosx-x86_64/jdk8u60/4407/hotspot/src/share/vm/prims/jvm.cpp, line 1386]
Event: 0.161 Thread 0x00007fdf9c010000 Exception <a 'java/security/PrivilegedActionException'> (0x00000007958b4308) thrown at [/Users/java_re/workspace/8-2-build-macosx-x86_64/jdk8u60/4407/hotspot/src/share/vm/prims/jvm.cpp, line 1386]
Event: 0.161 Thread 0x00007fdf9c010000 Exception <a 'java/security/PrivilegedActionException'> (0x00000007958b7790) thrown at [/Users/java_re/workspace/8-2-build-macosx-x86_64/jdk8u60/4407/hotspot/src/share/vm/prims/jvm.cpp, line 1386]
Event: 0.161 Thread 0x00007fdf9c010000 Exception <a 'java/security/PrivilegedActionException'> (0x00000007958b79a0) thrown at [/Users/java_re/workspace/8-2-build-macosx-x86_64/jdk8u60/4407/hotspot/src/share/vm/prims/jvm.cpp, line 1386]
Event: 0.209 Thread 0x00007fdf9c010000 Exception <a 'java/lang/NoSuchFieldError': method resolution failed> (0x00000007959861f8) thrown at [/Users/java_re/workspace/8-2-build-macosx-x86_64/jdk8u60/4407/hotspot/src/share/vm/prims/methodHandles.cpp, line 1146]
Event: 0.211 Thread 0x00007fdf9c010000 Exception <a 'java/lang/NoSuchFieldError': method resolution failed> (0x0000000795993948) thrown at [/Users/java_re/workspace/8-2-build-macosx-x86_64/jdk8u60/4407/hotspot/src/share/vm/prims/methodHandles.cpp, line 1146]
Event: 0.550 Thread 0x00007fdf9c010000 Exception <a 'java/io/FileNotFoundException'> (0x0000000795a0ec58) thrown at [/Users/java_re/workspace/8-2-build-macosx-x86_64/jdk8u60/4407/hotspot/src/share/vm/prims/jni.cpp, line 709]
Event: 0.550 Thread 0x00007fdf9c010000 Exception <a 'java/io/FileNotFoundException'> (0x0000000795a0f7e0) thrown at [/Users/java_re/workspace/8-2-build-macosx-x86_64/jdk8u60/4407/hotspot/src/share/vm/prims/jni.cpp, line 709]
Event: 1.998 Thread 0x00007fdf9c010000 Implicit null exception at 0x000000010acb3ae6 to 0x000000010acb40b5
Event: 1.998 Thread 0x00007fdf9c010000 Implicit null exception at 0x000000010ac96c24 to 0x000000010ac96e51

Events (10 events):
Event: 2.062 Thread 0x00007fdf9c010000 DEOPT PACKING pc=0x000000010accb8af sp=0x00000001091d0f30
Event: 2.062 Thread 0x00007fdf9c010000 DEOPT UNPACKING pc=0x000000010aa05633 sp=0x00000001091d0c68 mode 0
Event: 2.064 Thread 0x00007fdf9c010000 DEOPT PACKING pc=0x000000010accb8af sp=0x00000001091d0f30
Event: 2.064 Thread 0x00007fdf9c010000 DEOPT UNPACKING pc=0x000000010aa05633 sp=0x00000001091d0c68 mode 0
Event: 2.068 loading class org/newdawn/slick/Music
Event: 2.068 loading class org/newdawn/slick/Music done
Event: 2.071 loading class org/lwjgl/opengl/Sync
Event: 2.071 loading class org/lwjgl/opengl/Sync done
Event: 2.072 loading class org/lwjgl/opengl/Sync$RunningAvg
Event: 2.072 loading class org/lwjgl/opengl/Sync$RunningAvg done


Dynamic libraries:
0x000000000b194000 	/System/Library/Frameworks/Cocoa.framework/Versions/A/Cocoa
0x000000000b194000 	/System/Library/Frameworks/Security.framework/Versions/A/Security
0x000000000b194000 	/System/Library/Frameworks/ApplicationServices.framework/Versions/A/ApplicationServices
0x000000000b194000 	/usr/lib/libz.1.dylib
0x000000000b194000 	/usr/lib/libSystem.B.dylib
0x000000000b194000 	/usr/lib/libobjc.A.dylib
0x000000000b194000 	/System/Library/Frameworks/CoreFoundation.framework/Versions/A/CoreFoundation
0x000000000b194000 	/System/Library/Frameworks/Foundation.framework/Versions/C/Foundation
0x000000000b194000 	/System/Library/Frameworks/AppKit.framework/Versions/C/AppKit
0x000000000b194000 	/System/Library/Frameworks/CoreData.framework/Versions/A/CoreData
0x000000000b194000 	/System/Library/PrivateFrameworks/RemoteViewServices.framework/Versions/A/RemoteViewServices
0x000000000b194000 	/System/Library/PrivateFrameworks/UIFoundation.framework/Versions/A/UIFoundation
0x000000000b194000 	/System/Library/Frameworks/IOSurface.framework/Versions/A/IOSurface
0x000000000b194000 	/System/Library/Frameworks/AudioToolbox.framework/Versions/A/AudioToolbox
0x000000000b194000 	/System/Library/Frameworks/AudioUnit.framework/Versions/A/AudioUnit
0x000000000b194000 	/System/Library/PrivateFrameworks/DataDetectorsCore.framework/Versions/A/DataDetectorsCore
0x000000000b194000 	/System/Library/PrivateFrameworks/DesktopServicesPriv.framework/Versions/A/DesktopServicesPriv
0x000000000b194000 	/System/Library/Frameworks/Carbon.framework/Versions/A/Frameworks/HIToolbox.framework/Versions/A/HIToolbox
0x000000000b194000 	/System/Library/Frameworks/QuartzCore.framework/Versions/A/QuartzCore
0x000000000b194000 	/System/Library/Frameworks/Carbon.framework/Versions/A/Frameworks/SpeechRecognition.framework/Versions/A/SpeechRecognition
0x000000000b194000 	/usr/lib/libauto.dylib
0x000000000b194000 	/usr/lib/libicucore.A.dylib
0x000000000b194000 	/usr/lib/libxml2.2.dylib
0x000000000b194000 	/System/Library/PrivateFrameworks/CoreUI.framework/Versions/A/CoreUI
0x000000000b194000 	/System/Library/Frameworks/CoreAudio.framework/Versions/A/CoreAudio
0x000000000b194000 	/System/Library/Frameworks/DiskArbitration.framework/Versions/A/DiskArbitration
0x000000000b194000 	/usr/lib/liblangid.dylib
0x000000000b194000 	/System/Library/PrivateFrameworks/MultitouchSupport.framework/Versions/A/MultitouchSupport
0x000000000b194000 	/System/Library/Frameworks/IOKit.framework/Versions/A/IOKit
0x000000000b194000 	/usr/lib/libDiagnosticMessagesClient.dylib
0x000000000b194000 	/System/Library/Frameworks/CoreServices.framework/Versions/A/CoreServices
0x000000000b194000 	/System/Library/PrivateFrameworks/PerformanceAnalysis.framework/Versions/A/PerformanceAnalysis
0x000000000b194000 	/System/Library/PrivateFrameworks/GenerationalStorage.framework/Versions/A/GenerationalStorage
0x000000000b194000 	/System/Library/Frameworks/OpenGL.framework/Versions/A/OpenGL
0x000000000b194000 	/System/Library/PrivateFrameworks/Sharing.framework/Versions/A/Sharing
0x000000000b194000 	/System/Library/Frameworks/CoreGraphics.framework/Versions/A/CoreGraphics
0x000000000b194000 	/System/Library/Frameworks/CoreText.framework/Versions/A/CoreText
0x000000000b194000 	/System/Library/Frameworks/ImageIO.framework/Versions/A/ImageIO
0x000000000b194000 	/usr/lib/libextension.dylib
0x000000000b194000 	/System/Library/PrivateFrameworks/Backup.framework/Versions/A/Backup
0x000000000b194000 	/usr/lib/libarchive.2.dylib
0x000000000b194000 	/System/Library/Frameworks/CFNetwork.framework/Versions/A/CFNetwork
0x000000000b194000 	/System/Library/Frameworks/SystemConfiguration.framework/Versions/A/SystemConfiguration
0x000000000b194000 	/usr/lib/libCRFSuite.dylib
0x000000000b194000 	/usr/lib/libc++.1.dylib
0x000000000b194000 	/usr/lib/libc++abi.dylib
0x000000000b194000 	/usr/lib/system/libcache.dylib
0x000000000b194000 	/usr/lib/system/libcommonCrypto.dylib
0x000000000b194000 	/usr/lib/system/libcompiler_rt.dylib
0x000000000b194000 	/usr/lib/system/libcopyfile.dylib
0x000000000b194000 	/usr/lib/system/libcorecrypto.dylib
0x000000000b194000 	/usr/lib/system/libdispatch.dylib
0x000000000b194000 	/usr/lib/system/libdyld.dylib
0x000000000b194000 	/usr/lib/system/libkeymgr.dylib
0x000000000b194000 	/usr/lib/system/liblaunch.dylib
0x000000000b194000 	/usr/lib/system/libmacho.dylib
0x000000000b194000 	/usr/lib/system/libquarantine.dylib
0x000000000b194000 	/usr/lib/system/libremovefile.dylib
0x000000000b194000 	/usr/lib/system/libsystem_asl.dylib
0x000000000b194000 	/usr/lib/system/libsystem_blocks.dylib
0x000000000b194000 	/usr/lib/system/libsystem_c.dylib
0x000000000b194000 	/usr/lib/system/libsystem_configuration.dylib
0x000000000b194000 	/usr/lib/system/libsystem_coreservices.dylib
0x000000000b194000 	/usr/lib/system/libsystem_coretls.dylib
0x000000000b194000 	/usr/lib/system/libsystem_dnssd.dylib
0x000000000b194000 	/usr/lib/system/libsystem_info.dylib
0x000000000b194000 	/usr/lib/system/libsystem_kernel.dylib
0x000000000b194000 	/usr/lib/system/libsystem_m.dylib
0x000000000b194000 	/usr/lib/system/libsystem_malloc.dylib
0x000000000b194000 	/usr/lib/system/libsystem_network.dylib
0x000000000b194000 	/usr/lib/system/libsystem_networkextension.dylib
0x000000000b194000 	/usr/lib/system/libsystem_notify.dylib
0x000000000b194000 	/usr/lib/system/libsystem_platform.dylib
0x000000000b194000 	/usr/lib/system/libsystem_pthread.dylib
0x000000000b194000 	/usr/lib/system/libsystem_sandbox.dylib
0x000000000b194000 	/usr/lib/system/libsystem_secinit.dylib
0x000000000b194000 	/usr/lib/system/libsystem_stats.dylib
0x000000000b194000 	/usr/lib/system/libsystem_trace.dylib
0x000000000b194000 	/usr/lib/system/libunc.dylib
0x000000000b194000 	/usr/lib/system/libunwind.dylib
0x000000000b194000 	/usr/lib/system/libxpc.dylib
0x000000000b194000 	/usr/lib/libbz2.1.0.dylib
0x000000000b194000 	/usr/lib/liblzma.5.dylib
0x000000000b194000 	/usr/lib/libbsm.0.dylib
0x000000000b194000 	/usr/lib/libsqlite3.dylib
0x000000000b194000 	/usr/lib/system/libkxld.dylib
0x000000000b194000 	/usr/lib/libxar.1.dylib
0x000000000b194000 	/usr/lib/libpam.2.dylib
0x000000000b194000 	/usr/lib/libOpenScriptingUtil.dylib
0x000000000b194000 	/System/Library/Frameworks/CoreServices.framework/Versions/A/Frameworks/FSEvents.framework/Versions/A/FSEvents
0x000000000b194000 	/System/Library/Frameworks/CoreServices.framework/Versions/A/Frameworks/CarbonCore.framework/Versions/A/CarbonCore
0x000000000b194000 	/System/Library/Frameworks/CoreServices.framework/Versions/A/Frameworks/Metadata.framework/Versions/A/Metadata
0x000000000b194000 	/System/Library/Frameworks/CoreServices.framework/Versions/A/Frameworks/OSServices.framework/Versions/A/OSServices
0x000000000b194000 	/System/Library/Frameworks/CoreServices.framework/Versions/A/Frameworks/SearchKit.framework/Versions/A/SearchKit
0x000000000b194000 	/System/Library/Frameworks/CoreServices.framework/Versions/A/Frameworks/AE.framework/Versions/A/AE
0x000000000b194000 	/System/Library/Frameworks/CoreServices.framework/Versions/A/Frameworks/LaunchServices.framework/Versions/A/LaunchServices
0x000000000b194000 	/System/Library/Frameworks/CoreServices.framework/Versions/A/Frameworks/DictionaryServices.framework/Versions/A/DictionaryServices
0x000000000b194000 	/System/Library/Frameworks/NetFS.framework/Versions/A/NetFS
0x000000000b194000 	/System/Library/PrivateFrameworks/NetAuth.framework/Versions/A/NetAuth
0x000000000b194000 	/System/Library/PrivateFrameworks/login.framework/Versions/A/Frameworks/loginsupport.framework/Versions/A/loginsupport
0x000000000b194000 	/System/Library/PrivateFrameworks/TCC.framework/Versions/A/TCC
0x000000000b194000 	/usr/lib/libmecabra.dylib
0x000000000b194000 	/System/Library/Frameworks/ApplicationServices.framework/Versions/A/Frameworks/ATS.framework/Versions/A/ATS
0x000000000b194000 	/System/Library/Frameworks/ApplicationServices.framework/Versions/A/Frameworks/ColorSync.framework/Versions/A/ColorSync
0x000000000b194000 	/System/Library/Frameworks/ApplicationServices.framework/Versions/A/Frameworks/HIServices.framework/Versions/A/HIServices
0x000000000b194000 	/System/Library/Frameworks/ApplicationServices.framework/Versions/A/Frameworks/LangAnalysis.framework/Versions/A/LangAnalysis
0x000000000b194000 	/System/Library/Frameworks/ApplicationServices.framework/Versions/A/Frameworks/PrintCore.framework/Versions/A/PrintCore
0x000000000b194000 	/System/Library/Frameworks/ApplicationServices.framework/Versions/A/Frameworks/QD.framework/Versions/A/QD
0x000000000b194000 	/System/Library/Frameworks/ApplicationServices.framework/Versions/A/Frameworks/SpeechSynthesis.framework/Versions/A/SpeechSynthesis
0x000000000b194000 	/System/Library/Frameworks/Accelerate.framework/Versions/A/Accelerate
0x000000000b194000 	/System/Library/Frameworks/Accelerate.framework/Versions/A/Frameworks/vImage.framework/Versions/A/vImage
0x000000000b194000 	/System/Library/Frameworks/Accelerate.framework/Versions/A/Frameworks/vecLib.framework/Versions/A/vecLib
0x000000000b194000 	/System/Library/Frameworks/Accelerate.framework/Versions/A/Frameworks/vecLib.framework/Versions/A/libvDSP.dylib
0x000000000b194000 	/System/Library/Frameworks/Accelerate.framework/Versions/A/Frameworks/vecLib.framework/Versions/A/libvMisc.dylib
0x000000000b194000 	/System/Library/Frameworks/Accelerate.framework/Versions/A/Frameworks/vecLib.framework/Versions/A/libLAPACK.dylib
0x000000000b194000 	/System/Library/Frameworks/Accelerate.framework/Versions/A/Frameworks/vecLib.framework/Versions/A/libBLAS.dylib
0x000000000b194000 	/System/Library/Frameworks/Accelerate.framework/Versions/A/Frameworks/vecLib.framework/Versions/A/libLinearAlgebra.dylib
0x000000000b194000 	/System/Library/Frameworks/ApplicationServices.framework/Versions/A/Frameworks/ATS.framework/Versions/A/Resources/libFontParser.dylib
0x000000000b194000 	/System/Library/Frameworks/ApplicationServices.framework/Versions/A/Frameworks/ATS.framework/Versions/A/Resources/libFontRegistry.dylib
0x000000000b194000 	/System/Library/PrivateFrameworks/AppleVPA.framework/Versions/A/AppleVPA
0x000000000b194000 	/System/Library/PrivateFrameworks/AppleJPEG.framework/Versions/A/AppleJPEG
0x000000000b194000 	/System/Library/Frameworks/ImageIO.framework/Versions/A/Resources/libJPEG.dylib
0x000000000b194000 	/System/Library/Frameworks/ImageIO.framework/Versions/A/Resources/libTIFF.dylib
0x000000000b194000 	/System/Library/Frameworks/ImageIO.framework/Versions/A/Resources/libPng.dylib
0x000000000b194000 	/System/Library/Frameworks/ImageIO.framework/Versions/A/Resources/libGIF.dylib
0x000000000b194000 	/System/Library/Frameworks/ImageIO.framework/Versions/A/Resources/libJP2.dylib
0x000000000b194000 	/System/Library/Frameworks/ImageIO.framework/Versions/A/Resources/libRadiance.dylib
0x000000000b194000 	/System/Library/Frameworks/CoreVideo.framework/Versions/A/CoreVideo
0x000000000b194000 	/System/Library/Frameworks/OpenGL.framework/Versions/A/Libraries/libGLU.dylib
0x000000000b194000 	/System/Library/Frameworks/OpenGL.framework/Versions/A/Libraries/libGFXShared.dylib
0x000000000b194000 	/System/Library/Frameworks/OpenGL.framework/Versions/A/Libraries/libGL.dylib
0x000000000b194000 	/System/Library/Frameworks/OpenGL.framework/Versions/A/Libraries/libGLImage.dylib
0x000000000b194000 	/System/Library/Frameworks/OpenGL.framework/Versions/A/Libraries/libCVMSPluginSupport.dylib
0x000000000b194000 	/System/Library/Frameworks/OpenGL.framework/Versions/A/Libraries/libCoreVMClient.dylib
0x000000000b194000 	/usr/lib/libcups.2.dylib
0x000000000b194000 	/System/Library/Frameworks/Kerberos.framework/Versions/A/Kerberos
0x000000000b194000 	/System/Library/Frameworks/GSS.framework/Versions/A/GSS
0x000000000b194000 	/usr/lib/libresolv.9.dylib
0x000000000b194000 	/usr/lib/libiconv.2.dylib
0x000000000b194000 	/System/Library/PrivateFrameworks/Heimdal.framework/Versions/A/Heimdal
0x000000000b194000 	/usr/lib/libheimdal-asn1.dylib
0x000000000b194000 	/System/Library/Frameworks/OpenDirectory.framework/Versions/A/OpenDirectory
0x000000000b194000 	/System/Library/PrivateFrameworks/CommonAuth.framework/Versions/A/CommonAuth
0x000000000b194000 	/System/Library/Frameworks/OpenDirectory.framework/Versions/A/Frameworks/CFOpenDirectory.framework/Versions/A/CFOpenDirectory
0x000000000b194000 	/System/Library/Frameworks/SecurityFoundation.framework/Versions/A/SecurityFoundation
0x000000000b194000 	/System/Library/PrivateFrameworks/LanguageModeling.framework/Versions/A/LanguageModeling
0x000000000b194000 	/usr/lib/libcmph.dylib
0x000000000b194000 	/System/Library/Frameworks/ServiceManagement.framework/Versions/A/ServiceManagement
0x000000000b194000 	/usr/lib/libxslt.1.dylib
0x000000000b194000 	/System/Library/Frameworks/Carbon.framework/Versions/A/Frameworks/Ink.framework/Versions/A/Ink
0x000000000b194000 	/System/Library/Frameworks/QuartzCore.framework/Versions/A/Frameworks/CoreImage.framework/Versions/A/CoreImage
0x000000000b194000 	/System/Library/PrivateFrameworks/CrashReporterSupport.framework/Versions/A/CrashReporterSupport
0x000000000b194000 	/System/Library/Frameworks/OpenCL.framework/Versions/A/OpenCL
0x000000000b194000 	/System/Library/PrivateFrameworks/FaceCore.framework/Versions/A/FaceCore
0x000000000b194000 	/System/Library/PrivateFrameworks/Ubiquity.framework/Versions/A/Ubiquity
0x000000000b194000 	/System/Library/PrivateFrameworks/IconServices.framework/Versions/A/IconServices
0x000000000b194000 	/System/Library/PrivateFrameworks/ChunkingLibrary.framework/Versions/A/ChunkingLibrary
0x000000000b194000 	/System/Library/PrivateFrameworks/Apple80211.framework/Versions/A/Apple80211
0x000000000b194000 	/System/Library/Frameworks/CoreWLAN.framework/Versions/A/CoreWLAN
0x000000000b194000 	/System/Library/Frameworks/IOBluetooth.framework/Versions/A/IOBluetooth
0x000000000b194000 	/System/Library/PrivateFrameworks/CoreWiFi.framework/Versions/A/CoreWiFi
0x000000000b194000 	/System/Library/Frameworks/CoreBluetooth.framework/Versions/A/CoreBluetooth
0x000000000b194000 	/System/Library/PrivateFrameworks/DebugSymbols.framework/Versions/A/DebugSymbols
0x000000000b194000 	/System/Library/PrivateFrameworks/CoreSymbolication.framework/Versions/A/CoreSymbolication
0x000000000b194000 	/System/Library/PrivateFrameworks/Symbolication.framework/Versions/A/Symbolication
0x000000000b194000 	/System/Library/PrivateFrameworks/SpeechRecognitionCore.framework/Versions/A/SpeechRecognitionCore
0x0000000109a00000 	/Library/Java/JavaVirtualMachines/jdk1.8.0_60.jdk/Contents/Home/jre/lib/server/libjvm.dylib
0x000000000b194000 	/usr/lib/libstdc++.6.dylib
0x00000001091d4000 	/Library/Java/JavaVirtualMachines/jdk1.8.0_60.jdk/Contents/Home/jre/lib/libverify.dylib
0x000000010a989000 	/Library/Java/JavaVirtualMachines/jdk1.8.0_60.jdk/Contents/Home/jre/lib/libjava.dylib
0x00000001091ec000 	/Library/Java/JavaVirtualMachines/jdk1.8.0_60.jdk/Contents/Home/jre/lib/libzip.dylib
0x0000000120a35000 	/System/Library/Frameworks/JavaVM.framework/Frameworks/JavaRuntimeSupport.framework/JavaRuntimeSupport
0x0000000120a50000 	/System/Library/Frameworks/JavaVM.framework/Versions/A/Frameworks/JavaNativeFoundation.framework/Versions/A/JavaNativeFoundation
0x0000000120a65000 	/System/Library/Frameworks/JavaVM.framework/Versions/A/JavaVM
0x000000000b194000 	/System/Library/Frameworks/Carbon.framework/Versions/A/Carbon
0x0000000120a72000 	/System/Library/PrivateFrameworks/JavaLaunching.framework/Versions/A/JavaLaunching
0x000000000b194000 	/System/Library/Frameworks/Carbon.framework/Versions/A/Frameworks/CommonPanels.framework/Versions/A/CommonPanels
0x000000000b194000 	/System/Library/Frameworks/Carbon.framework/Versions/A/Frameworks/Help.framework/Versions/A/Help
0x000000000b194000 	/System/Library/Frameworks/Carbon.framework/Versions/A/Frameworks/ImageCapture.framework/Versions/A/ImageCapture
0x000000000b194000 	/System/Library/Frameworks/Carbon.framework/Versions/A/Frameworks/OpenScripting.framework/Versions/A/OpenScripting
0x000000000b194000 	/System/Library/Frameworks/Carbon.framework/Versions/A/Frameworks/Print.framework/Versions/A/Print
0x000000000b194000 	/System/Library/Frameworks/Carbon.framework/Versions/A/Frameworks/SecurityHI.framework/Versions/A/SecurityHI
0x000000012293d000 	/Library/Java/JavaVirtualMachines/jdk1.8.0_60.jdk/Contents/Home/jre/lib/libawt.dylib
0x00000001229e5000 	/Library/Java/JavaVirtualMachines/jdk1.8.0_60.jdk/Contents/Home/jre/lib/./libmlib_image.dylib
0x0000000122ab1000 	/Library/Java/JavaVirtualMachines/jdk1.8.0_60.jdk/Contents/Home/jre/lib/libawt_lwawt.dylib
0x0000000122b66000 	/Library/Java/JavaVirtualMachines/jdk1.8.0_60.jdk/Contents/Home/jre/lib/./libosxapp.dylib
0x000000000b194000 	/System/Library/Frameworks/ExceptionHandling.framework/Versions/A/ExceptionHandling
0x000000000b194000 	/System/Library/PrivateFrameworks/CoreServicesInternal.framework/Versions/A/CoreServicesInternal
0x000000000b194000 	/System/Library/PrivateFrameworks/CloudDocs.framework/Versions/A/CloudDocs
0x000000000b194000 	/System/Library/PrivateFrameworks/CoreDuet.framework/Versions/A/CoreDuet
0x000000000b194000 	/System/Library/Frameworks/CloudKit.framework/Versions/A/CloudKit
0x000000000b194000 	/System/Library/PrivateFrameworks/ProtocolBuffer.framework/Versions/A/ProtocolBuffer
0x000000000b194000 	/System/Library/PrivateFrameworks/CoreDuetDaemonProtocol.framework/Versions/A/CoreDuetDaemonProtocol
0x000000000b194000 	/System/Library/PrivateFrameworks/CoreDuetDebugLogging.framework/Versions/A/CoreDuetDebugLogging
0x000000000b194000 	/System/Library/PrivateFrameworks/MMCS.framework/Versions/A/MMCS
0x000000000b194000 	/System/Library/Frameworks/CoreLocation.framework/Versions/A/CoreLocation
0x000000000b194000 	/System/Library/PrivateFrameworks/ProtectedCloudStorage.framework/Versions/A/ProtectedCloudStorage
0x000000000b194000 	/System/Library/PrivateFrameworks/GeoServices.framework/Versions/A/GeoServices
0x000000000b194000 	/System/Library/Frameworks/CoreGraphics.framework/Versions/A/Resources/libCGCMS.A.dylib
0x000000000b194000 	/System/Library/Frameworks/CoreGraphics.framework/Versions/A/Resources/libRIP.A.dylib
0x000000000b194000 	/System/Library/Frameworks/CoreGraphics.framework/Versions/A/Resources/libCGXType.A.dylib
0x000000000b194000 	/System/Library/Frameworks/OpenCL.framework/Versions/A/Libraries/libcldcpuengine.dylib
0x000000000b194000 	/System/Library/PrivateFrameworks/DiskImages.framework/Versions/A/DiskImages
0x000000000b194000 	/System/Library/Frameworks/DiscRecording.framework/Versions/A/DiscRecording
0x000000000b194000 	/usr/lib/libcsfde.dylib
0x000000000b194000 	/usr/lib/libcurl.4.dylib
0x000000000b194000 	/System/Library/PrivateFrameworks/MediaKit.framework/Versions/A/MediaKit
0x000000000b194000 	/usr/lib/libCoreStorage.dylib
0x000000000b194000 	/System/Library/PrivateFrameworks/EFILogin.framework/Versions/A/EFILogin
0x000000000b194000 	/usr/lib/libutil.dylib
0x000000000b194000 	/System/Library/PrivateFrameworks/FindMyDevice.framework/Versions/A/FindMyDevice
0x000000000b194000 	/System/Library/Frameworks/LDAP.framework/Versions/A/LDAP
0x000000000b194000 	/usr/lib/libsasl2.2.dylib
0x000000000b194000 	/System/Library/PrivateFrameworks/CoreDaemon.framework/Versions/B/CoreDaemon
0x000000000b194000 	/usr/lib/libcrypto.0.9.8.dylib
0x000000000b194000 	/System/Library/PrivateFrameworks/AppleSRP.framework/Versions/A/AppleSRP
0x000000000b194000 	/System/Library/PrivateFrameworks/TrustEvaluationAgent.framework/Versions/A/TrustEvaluationAgent
0x0000000124416000 	cl_kernels
0x0000000124418000 	/System/Library/Frameworks/OpenCL.framework/Versions/A/Libraries/ImageFormats/unorm8_bgra.dylib
0x0000000124407000 	cl_kernels
0x000000000b194000 	/System/Library/PrivateFrameworks/FamilyControls.framework/Versions/A/FamilyControls
0x000000000b194000 	/System/Library/PrivateFrameworks/CommerceKit.framework/Versions/A/Frameworks/CommerceCore.framework/Versions/A/CommerceCore
0x000000000b194000 	/System/Library/PrivateFrameworks/SystemAdministration.framework/Versions/A/SystemAdministration
0x000000000b194000 	/System/Library/PrivateFrameworks/AppContainer.framework/Versions/A/AppContainer
0x000000000b194000 	/System/Library/PrivateFrameworks/SecCodeWrapper.framework/Versions/A/SecCodeWrapper
0x000000000b194000 	/System/Library/Frameworks/DirectoryService.framework/Versions/A/DirectoryService
0x000000000b194000 	/System/Library/PrivateFrameworks/LoginUIKit.framework/Versions/A/Frameworks/LoginUICore.framework/Versions/A/LoginUICore
0x000000000b194000 	/usr/lib/libodfde.dylib
0x00000001245e2000 	/Library/Java/JavaVirtualMachines/jdk1.8.0_60.jdk/Contents/Home/jre/lib/libfontmanager.dylib
0x0000000124649000 	/Users/jasperketelaar/Documents/TU Delft/Software Engineering/Asteroids-group-7/lwjgl/native/macosx/liblwjgl.dylib
0x0000000124396000 	/Library/Java/JavaVirtualMachines/jdk1.8.0_60.jdk/Contents/Home/jre/lib/libjawt.dylib
0x000000000b194000 	/System/Library/Frameworks/OpenGL.framework/Versions/A/Resources/GLEngine.bundle/GLEngine
0x000000000b194000 	/System/Library/Frameworks/OpenGL.framework/Versions/A/Libraries/libGLProgrammability.dylib
0x00000001288a8000 	/System/Library/Extensions/AppleIntelBDWGraphicsGLDriver.bundle/Contents/MacOS/AppleIntelBDWGraphicsGLDriver
0x000000000b194000 	/System/Library/PrivateFrameworks/IOAccelerator.framework/Versions/A/IOAccelerator
0x000000000b194000 	/System/Library/PrivateFrameworks/GPUSupport.framework/Versions/A/Libraries/libGPUSupportMercury.dylib
0x000000000b194000 	/System/Library/Frameworks/OpenGL.framework/Versions/A/Resources/GLRendererFloat.bundle/GLRendererFloat
0x00000001243b4000 	/Users/jasperketelaar/Documents/TU Delft/Software Engineering/Asteroids-group-7/lwjgl/native/macosx/libjinput-osx.dylib
0x00000001296bb000 	/System/Library/Extensions/IOHIDFamily.kext/Contents/PlugIns/IOHIDLib.plugin/Contents/MacOS/IOHIDLib
0x00000001296e2000 	/Library/Java/JavaVirtualMachines/jdk1.8.0_60.jdk/Contents/Home/jre/lib/libnio.dylib
0x00000001296f2000 	/Library/Java/JavaVirtualMachines/jdk1.8.0_60.jdk/Contents/Home/jre/lib/./libnet.dylib
0x000000012980c000 	/Library/Java/JavaVirtualMachines/jdk1.8.0_60.jdk/Contents/Home/jre/lib/libjpeg.dylib
0x000000012984c000 	/Library/Java/JavaVirtualMachines/jdk1.8.0_60.jdk/Contents/Home/jre/lib/liblcms.dylib

VM Arguments:
jvm_args: -Djava.library.path=/Users/jasperketelaar/Documents/TU Delft/Software Engineering/Asteroids-group-7/lwjgl/native/macosx -Dfile.encoding=UTF-8 
java_command: nl.tudelft.asteroids.Launch
java_class_path (initial): /Users/jasperketelaar/Documents/TU Delft/Software Engineering/Asteroids-group-7/bin:/Users/jasperketelaar/Documents/TU Delft/Software Engineering/Asteroids-group-7/lib/jinput.jar:/Users/jasperketelaar/Documents/TU Delft/Software Engineering/Asteroids-group-7/lib/lwjgl_util.jar:/Users/jasperketelaar/Documents/TU Delft/Software Engineering/Asteroids-group-7/lib/lwjgl.jar:/Users/jasperketelaar/Documents/TU Delft/Software Engineering/Asteroids-group-7/lib/slick.jar
Launcher Type: SUN_STANDARD

Environment Variables:
PATH=/usr/bin:/bin:/usr/sbin:/sbin
SHELL=/bin/bash

Signal Handlers:
SIGSEGV: [libjvm.dylib+0x5a6d31], sa_mask[0]=11111111011111110111111111111111, sa_flags=SA_ONSTACK|SA_RESTART|SA_SIGINFO
SIGBUS: [libjvm.dylib+0x5a6d31], sa_mask[0]=11111111011111110111111111111111, sa_flags=SA_RESTART|SA_SIGINFO
SIGFPE: [libjvm.dylib+0x480a4c], sa_mask[0]=11111111011111110111111111111111, sa_flags=SA_RESTART|SA_SIGINFO
SIGPIPE: [libjvm.dylib+0x480a4c], sa_mask[0]=11111111011111110111111111111111, sa_flags=SA_RESTART|SA_SIGINFO
SIGXFSZ: [libjvm.dylib+0x480a4c], sa_mask[0]=11111111011111110111111111111111, sa_flags=SA_RESTART|SA_SIGINFO
SIGILL: [libjvm.dylib+0x480a4c], sa_mask[0]=11111111011111110111111111111111, sa_flags=SA_RESTART|SA_SIGINFO
SIGUSR1: SIG_DFL, sa_mask[0]=00000000000000000000000000000000, sa_flags=none
SIGUSR2: [libjvm.dylib+0x48056a], sa_mask[0]=00100000000000000000000000000000, sa_flags=SA_RESTART|SA_SIGINFO
SIGHUP: [libjvm.dylib+0x47eb41], sa_mask[0]=11111111011111110111111111111111, sa_flags=SA_RESTART|SA_SIGINFO
SIGINT: [libjvm.dylib+0x47eb41], sa_mask[0]=11111111011111110111111111111111, sa_flags=SA_RESTART|SA_SIGINFO
SIGTERM: [libjvm.dylib+0x47eb41], sa_mask[0]=11111111011111110111111111111111, sa_flags=SA_RESTART|SA_SIGINFO
SIGQUIT: [libjvm.dylib+0x47eb41], sa_mask[0]=11111111011111110111111111111111, sa_flags=SA_RESTART|SA_SIGINFO


---------------  S Y S T E M  ---------------

OS:Bsduname:Darwin 14.5.0 Darwin Kernel Version 14.5.0: Wed Jul 29 02:26:53 PDT 2015; root:xnu-2782.40.9~1/RELEASE_X86_64 x86_64
rlimit: STACK 8192k, CORE 0k, NPROC 709, NOFILE 10240, AS infinity
load average:1.56 1.75 2.06

CPU:total 4 (2 cores per cpu, 2 threads per core) family 6 model 61 stepping 4, cmov, cx8, fxsr, mmx, sse, sse2, sse3, ssse3, sse4.1, sse4.2, popcnt, avx, avx2, aes, clmul, erms, 3dnowpref, lzcnt, ht, tsc, tscinvbit, bmi1, bmi2, adx

Memory: 4k page, physical 8388608k(990648k free)

/proc/meminfo:


vm_info: Java HotSpot(TM) 64-Bit Server VM (25.60-b23) for bsd-amd64 JRE (1.8.0_60-b27), built on Aug  4 2015 10:47:24 by "java_re" with gcc 4.2.1 (Based on Apple Inc. build 5658) (LLVM build 2336.11.00)

time: Mon Sep 12 13:10:40 2016
elapsed time: 2 seconds (0d 0h 0m 2s)

