#
# A fatal error has been detected by the Java Runtime Environment:
#
#  SIGSEGV (0xb) at pc=0x00007fff922860dd, pid=3302, tid=1811
#
# JRE version: Java(TM) SE Runtime Environment (8.0_60-b27) (build 1.8.0_60-b27)
# Java VM: Java HotSpot(TM) 64-Bit Server VM (25.60-b23 mixed mode bsd-amd64 compressed oops)
# Problematic frame:
# C  [libobjc.A.dylib+0x10dd]  objc_msgSend+0x1d
#
# Failed to write core dump. Core dumps have been disabled. To enable core dumping, try "ulimit -c unlimited" before starting Java again
#
# If you would like to submit a bug report, please visit:
#   http://bugreport.java.com/bugreport/crash.jsp
# The crash happened outside the Java Virtual Machine in native code.
# See problematic frame for where to report the bug.
#

---------------  T H R E A D  ---------------

Current thread (0x00007fe00c11a000):  JavaThread "AppKit Thread" daemon [_thread_in_native, id=1811, stack(0x00007fff51b0c000,0x00007fff5230c000)]

siginfo: si_signo: 11 (SIGSEGV), si_code: 1 (SEGV_MAPERR), si_addr: 0x000007fe00b56140

Registers:
RAX=0x00007fe00b55ecc0, RBX=0x00007fff52307928, RCX=0x0000000000000000, RDX=0x00007fe00b49db80
RSP=0x00007fff52307748, RBP=0x00007fff52307750, RSI=0x00007fff8dfb741e, RDI=0x00007fe00b55ecc0
R8 =0x00007fff52307730, R9 =0x0000000000000062, R10=0x00007fff8dfb741e, R11=0x000007fe00b56128
R12=0x00007fe00b401010, R13=0x00000000000f42fe, R14=0x00007fe00b697280, R15=0x00007fff52307888
RIP=0x00007fff922860dd, EFLAGS=0x0000000000010206, ERR=0x0000000000000004
  TRAPNO=0x000000000000000e

Top of Stack: (sp=0x00007fff52307748)
0x00007fff52307748:   00007fff9845645c 00007fff52307ab0
0x00007fff52307758:   00007fff98346634 00007fff523077dc
0x00007fff52307768:   00007fff523077e0 00007fff523077e4
0x00007fff52307778:   00007fff7d46ee00 ffffffffffffffff
0x00007fff52307788:   0000000000000930 00007fff7d46ee18
0x00007fff52307798:   00007fe00b697280 0000000000000000
0x00007fff523077a8:   00007fff52307880 0000000000000000
0x00007fff523077b8:   00007fe00b7435d0 00007fff52307900
0x00007fff523077c8:   0000000000000062 00000000000f4300
0x00007fff523077d8:   00007fe00b49db80 00007fe00b743000
0x00007fff523077e8:   00007fe00b401010 0000000000000001
0x00007fff523077f8:   00000000000f42fe 00007fe00b401000
0x00007fff52307808:   00007fff9959cc05 000000017cd56070
0x00007fff52307818:   00007fff7c8b80d0 0000000042000000
0x00007fff52307828:   00007fff995a3e63 00007fff7d439240
0x00007fff52307838:   00007fff52307908 00007fff52307860
0x00007fff52307848:   00007fff52307880 0000000000000000
0x00007fff52307858:   0000000000000014 00017303922a697a
0x00007fff52307868:   00007fe00b401034 0000000000000000
0x00007fff52307878:   0000000000000000 00007fe00b743650
0x00007fff52307888:   00007fe00b697280 0000002000000000
0x00007fff52307898:   0000000000000000 00007fff7c8b80d0
0x00007fff523078a8:   0000000042000000 00007fff995a34f8
0x00007fff523078b8:   00007fff7d439350 00007fff52307818
0x00007fff523078c8:   0000000000000000 00007fff52307998
0x00007fff523078d8:   00007fff7b5a0ea0 00007fff523079d0
0x00007fff523078e8:   00007fff951da770 00007fff52307980
0x00007fff523078f8:   00007fff8d6eb4ed 0000000000000051
0x00007fff52307908:   0000000000000000 00000000000f42e2
0x00007fff52307918:   0000000000000053 0000000000000000
0x00007fff52307928:   00000000000f42fe 00007fff523079a4
0x00007fff52307938:   0000000000401901 00000000ffffffff 

Instructions: (pc=0x00007fff922860dd)
0x00007fff922860bd:   00 00 00 48 85 ff 2e 74 7a 40 f6 c7 01 2e 75 7e
0x00007fff922860cd:   49 bb f8 ff ff ff ff 7f 00 00 4c 23 1f 49 89 f2
0x00007fff922860dd:   45 23 53 18 49 c1 e2 04 4d 03 53 10 49 3b 32 75
0x00007fff922860ed:   04 41 ff 62 08 49 83 3a 00 74 6a 4d 3b 53 10 74 

Register to memory mapping:

RAX=0x00007fe00b55ecc0 is an unknown value
RBX=0x00007fff52307928 is pointing into the stack for thread: 0x00007fe00c11a000
RCX=0x0000000000000000 is an unknown value
RDX=0x00007fe00b49db80 is an unknown value
RSP=0x00007fff52307748 is pointing into the stack for thread: 0x00007fe00c11a000
RBP=0x00007fff52307750 is pointing into the stack for thread: 0x00007fe00c11a000
RSI=0x00007fff8dfb741e: -[NSTitlebarContainerView transparent]+0x5e312 in /System/Library/Frameworks/AppKit.framework/Versions/C/AppKit at 0x00007fff8d5b6000
RDI=0x00007fe00b55ecc0 is an unknown value
R8 =0x00007fff52307730 is pointing into the stack for thread: 0x00007fe00c11a000
R9 =0x0000000000000062 is an unknown value
R10=0x00007fff8dfb741e: -[NSTitlebarContainerView transparent]+0x5e312 in /System/Library/Frameworks/AppKit.framework/Versions/C/AppKit at 0x00007fff8d5b6000
R11=0x000007fe00b56128 is an unknown value
R12=0x00007fe00b401010 is an unknown value
R13=0x00000000000f42fe is an unknown value
R14=0x00007fe00b697280 is an unknown value
R15=0x00007fff52307888 is pointing into the stack for thread: 0x00007fe00c11a000


Stack: [0x00007fff51b0c000,0x00007fff5230c000],  sp=0x00007fff52307748,  free space=8173k
Native frames: (J=compiled Java code, j=interpreted, Vv=VM code, C=native code)
C  [libobjc.A.dylib+0x10dd]  objc_msgSend+0x1d
C  [CoreFoundation+0x10634]  _CFXNotificationPost+0xc44
C  [Foundation+0x7aa1]  -[NSNotificationCenter postNotificationName:object:userInfo:]+0x42
C  [AppKit+0x439c2]  -[NSSurface _disposeSurface]+0x98
C  [AppKit+0x43426]  -[NSSurface setWindow:]+0x42
C  [AppKit+0x33910]  -[NSView _setWindow:]+0xa33
C  [AppKit+0x6af91]  -[NSView removeFromSuperview]+0x1c5
C  [AppKit+0x14bd99]  -[NSView removeFromSuperviewWithoutNeedingDisplay]+0x26
C  [liblwjgl.dylib+0xa205]  +[MacOSXKeyableWindow destroyWindow]+0xb5
C  [Foundation+0x92dd0]  __NSThreadPerformPerform+0x125
C  [CoreFoundation+0x80a01]  __CFRUNLOOP_IS_CALLING_OUT_TO_A_SOURCE0_PERFORM_FUNCTION__+0x11
C  [CoreFoundation+0x72b8d]  __CFRunLoopDoSources0+0x10d
C  [CoreFoundation+0x721bf]  __CFRunLoopRun+0x39f
C  [CoreFoundation+0x71bd8]  CFRunLoopRunSpecific+0x128
C  [HIToolbox+0x3256f]  RunCurrentEventLoopInMode+0xeb
C  [HIToolbox+0x321ee]  ReceiveNextEventCommon+0xb3
C  [HIToolbox+0x3212b]  _BlockUntilNextEventMatchingListInModeWithFilter+0x47
C  [AppKit+0x918ab]  _DPSNextEvent+0x3d2
C  [AppKit+0x90e58]  -[NSApplication nextEventMatchingMask:untilDate:inMode:dequeue:]+0x15a
C  [libosxapp.dylib+0x23aa]  -[NSApplicationAWT nextEventMatchingMask:untilDate:inMode:dequeue:]+0x7c
C  [AppKit+0x86af3]  -[NSApplication run]+0x252
C  [libosxapp.dylib+0x214d]  +[NSApplicationAWT runAWTLoopWithApp:]+0x9c
C  [libawt_lwawt.dylib+0x44517]  -[AWTStarter starter:]+0x389
C  [Foundation+0x92dd0]  __NSThreadPerformPerform+0x125
C  [CoreFoundation+0x80a01]  __CFRUNLOOP_IS_CALLING_OUT_TO_A_SOURCE0_PERFORM_FUNCTION__+0x11
C  [CoreFoundation+0x72b8d]  __CFRunLoopDoSources0+0x10d
C  [CoreFoundation+0x721bf]  __CFRunLoopRun+0x39f
C  [CoreFoundation+0x71bd8]  CFRunLoopRunSpecific+0x128
C  [java+0x6463]  CreateExecutionEnvironment+0x367
C  [java+0x21ac]  JLI_Launch+0x7a0
C  [java+0x84c0]  main+0x65
C  [java+0x1a04]  start+0x34
C  0x0000000000000006


---------------  P R O C E S S  ---------------

Java Threads: ( => current thread )
  0x00007fe00c220000 JavaThread "Java2D Queue Flusher" daemon [_thread_blocked, id=54023, stack(0x000000012e1dd000,0x000000012e2dd000)]
  0x00007fe00c21a800 JavaThread "Java2D Disposer" daemon [_thread_blocked, id=49979, stack(0x000000012e047000,0x000000012e147000)]
  0x00007fe00c892800 JavaThread "AWT-Shutdown" [_thread_blocked, id=27923, stack(0x00000001288f3000,0x00000001289f3000)]
=>0x00007fe00c11a000 JavaThread "AppKit Thread" daemon [_thread_in_native, id=1811, stack(0x00007fff51b0c000,0x00007fff5230c000)]
  0x00007fe00c877800 JavaThread "Service Thread" daemon [_thread_blocked, id=18179, stack(0x0000000127098000,0x0000000127198000)]
  0x00007fe00d012800 JavaThread "C1 CompilerThread2" daemon [_thread_blocked, id=17667, stack(0x0000000126f95000,0x0000000127095000)]
  0x00007fe00d011800 JavaThread "C2 CompilerThread1" daemon [_thread_blocked, id=17155, stack(0x0000000126e92000,0x0000000126f92000)]
  0x00007fe00d00c800 JavaThread "C2 CompilerThread0" daemon [_thread_blocked, id=16643, stack(0x0000000126d8f000,0x0000000126e8f000)]
  0x00007fe00b813000 JavaThread "Signal Dispatcher" daemon [_thread_blocked, id=13335, stack(0x0000000126c8c000,0x0000000126d8c000)]
  0x00007fe00c85f000 JavaThread "Finalizer" daemon [_thread_blocked, id=11523, stack(0x0000000125268000,0x0000000125368000)]
  0x00007fe00c85e000 JavaThread "Reference Handler" daemon [_thread_blocked, id=11011, stack(0x0000000125165000,0x0000000125265000)]
  0x00007fe00d004000 JavaThread "main" [_thread_in_native, id=4867, stack(0x000000010f19d000,0x000000010f29d000)]

Other Threads:
  0x00007fe00c85b800 VMThread [stack: 0x0000000125062000,0x0000000125162000] [id=10499]
  0x00007fe00b811000 WatcherThread [stack: 0x000000012719b000,0x000000012729b000] [id=18691]

VM state:not at safepoint (normal execution)

VM Mutex/Monitor currently owned by a thread: None

Heap:
 PSYoungGen      total 38400K, used 15546K [0x0000000795580000, 0x000000079a080000, 0x00000007c0000000)
  eden space 33280K, 31% used [0x0000000795580000,0x0000000795fb1f78,0x0000000797600000)
  from space 5120K, 99% used [0x0000000797b00000,0x0000000797ffc948,0x0000000798000000)
  to   space 5120K, 0% used [0x0000000797600000,0x0000000797600000,0x0000000797b00000)
 ParOldGen       total 87552K, used 41221K [0x0000000740000000, 0x0000000745580000, 0x0000000795580000)
  object space 87552K, 47% used [0x0000000740000000,0x0000000742841488,0x0000000745580000)
 Metaspace       used 9599K, capacity 9761K, committed 9856K, reserved 1058816K
  class space    used 1027K, capacity 1087K, committed 1152K, reserved 1048576K

Card table byte_map: [0x000000011e6b3000,0x000000011eab4000] byte_map_base: 0x000000011acb3000

Marking Bits: (ParMarkBitMap*) 0x000000010eaf1e20
 Begin Bits: [0x000000011f16b000, 0x000000012116b000)
 End Bits:   [0x000000012116b000, 0x000000012316b000)

Polling page: 0x000000010d9f7000

CodeCache: size=245760Kb used=3187Kb max_used=3198Kb free=242572Kb
 bounds [0x000000010f2f3000, 0x000000010f623000, 0x000000011e2f3000]
 total_blobs=1299 nmethods=789 adapters=424
 compilation: enabled

Compilation events (10 events):
Event: 2.761 Thread 0x00007fe00d012800  784       3       org.newdawn.slick.Graphics::setCurrent (30 bytes)
Event: 2.762 Thread 0x00007fe00d012800 nmethod 784 0x000000010f60e910 code [0x000000010f60ea80, 0x000000010f60ed50]
Event: 2.762 Thread 0x00007fe00d012800  785       3       org.newdawn.slick.opengl.TextureImpl::bind (39 bytes)
Event: 2.764 Thread 0x00007fe00d012800 nmethod 785 0x000000010f60f250 code [0x000000010f60f500, 0x000000010f6104d8]
Event: 2.777 Thread 0x00007fe00d012800  787       3       nl.tudelft.asteroids.model.entity.Entity::getX (8 bytes)
Event: 2.778 Thread 0x00007fe00d012800 nmethod 787 0x000000010f611050 code [0x000000010f6111c0, 0x000000010f611330]
Event: 2.778 Thread 0x00007fe00d012800  788       3       nl.tudelft.asteroids.model.entity.Entity::getY (8 bytes)
Event: 2.779 Thread 0x00007fe00d012800 nmethod 788 0x000000010f6113d0 code [0x000000010f611540, 0x000000010f6116b0]
Event: 2.788 Thread 0x00007fe00d011800  789  s    4       sun.misc.URLClassPath::getNextLoader (88 bytes)
Event: 2.790 Thread 0x00007fe00d011800 nmethod 789 0x000000010f614690 code [0x000000010f6147e0, 0x000000010f614b08]

GC Heap History (4 events):
Event: 1.888 GC heap before
{Heap before GC invocations=1 (full 0):
 PSYoungGen      total 38400K, used 29194K [0x0000000795580000, 0x0000000798000000, 0x00000007c0000000)
  eden space 33280K, 87% used [0x0000000795580000,0x0000000797202b10,0x0000000797600000)
  from space 5120K, 0% used [0x0000000797b00000,0x0000000797b00000,0x0000000798000000)
  to   space 5120K, 0% used [0x0000000797600000,0x0000000797600000,0x0000000797b00000)
 ParOldGen       total 87552K, used 0K [0x0000000740000000, 0x0000000745580000, 0x0000000795580000)
  object space 87552K, 0% used [0x0000000740000000,0x0000000740000000,0x0000000745580000)
 Metaspace       used 9434K, capacity 9633K, committed 9856K, reserved 1058816K
  class space    used 1016K, capacity 1087K, committed 1152K, reserved 1048576K
Event: 1.903 GC heap after
Heap after GC invocations=1 (full 0):
 PSYoungGen      total 38400K, used 5109K [0x0000000795580000, 0x0000000798000000, 0x00000007c0000000)
  eden space 33280K, 0% used [0x0000000795580000,0x0000000795580000,0x0000000797600000)
  from space 5120K, 99% used [0x0000000797600000,0x0000000797afd5f8,0x0000000797b00000)
  to   space 5120K, 0% used [0x0000000797b00000,0x0000000797b00000,0x0000000798000000)
 ParOldGen       total 87552K, used 21846K [0x0000000740000000, 0x0000000745580000, 0x0000000795580000)
  object space 87552K, 24% used [0x0000000740000000,0x0000000741555888,0x0000000745580000)
 Metaspace       used 9434K, capacity 9633K, committed 9856K, reserved 1058816K
  class space    used 1016K, capacity 1087K, committed 1152K, reserved 1048576K
}
Event: 2.030 GC heap before
{Heap before GC invocations=2 (full 0):
 PSYoungGen      total 38400K, used 38389K [0x0000000795580000, 0x0000000798000000, 0x00000007c0000000)
  eden space 33280K, 100% used [0x0000000795580000,0x0000000797600000,0x0000000797600000)
  from space 5120K, 99% used [0x0000000797600000,0x0000000797afd5f8,0x0000000797b00000)
  to   space 5120K, 0% used [0x0000000797b00000,0x0000000797b00000,0x0000000798000000)
 ParOldGen       total 87552K, used 21846K [0x0000000740000000, 0x0000000745580000, 0x0000000795580000)
  object space 87552K, 24% used [0x0000000740000000,0x0000000741555888,0x0000000745580000)
 Metaspace       used 9491K, capacity 9697K, committed 9856K, reserved 1058816K
  class space    used 1018K, capacity 1087K, committed 1152K, reserved 1048576K
Event: 2.044 GC heap after
Heap after GC invocations=2 (full 0):
 PSYoungGen      total 38400K, used 5106K [0x0000000795580000, 0x000000079a080000, 0x00000007c0000000)
  eden space 33280K, 0% used [0x0000000795580000,0x0000000795580000,0x0000000797600000)
  from space 5120K, 99% used [0x0000000797b00000,0x0000000797ffc948,0x0000000798000000)
  to   space 5120K, 0% used [0x0000000797600000,0x0000000797600000,0x0000000797b00000)
 ParOldGen       total 87552K, used 41221K [0x0000000740000000, 0x0000000745580000, 0x0000000795580000)
  object space 87552K, 47% used [0x0000000740000000,0x0000000742841488,0x0000000745580000)
 Metaspace       used 9491K, capacity 9697K, committed 9856K, reserved 1058816K
  class space    used 1018K, capacity 1087K, committed 1152K, reserved 1048576K
}

Deoptimization events (8 events):
Event: 0.821 Thread 0x00007fe00d004000 Uncommon trap: reason=unstable_if action=reinterpret pc=0x000000010f49d75c method=java.lang.String.replace(CC)Ljava/lang/String; @ 26
Event: 1.707 Thread 0x00007fe00d004000 Uncommon trap: reason=unstable_if action=reinterpret pc=0x000000010f49776c method=java.lang.String.indexOf([CII[CIII)I @ 3
Event: 1.712 Thread 0x00007fe00d004000 Uncommon trap: reason=class_check action=maybe_recompile pc=0x000000010f52b544 method=java.util.HashMap.putVal(ILjava/lang/Object;Ljava/lang/Object;ZZ)Ljava/lang/Object; @ 253
Event: 1.712 Thread 0x00007fe00d004000 Uncommon trap: reason=class_check action=maybe_recompile pc=0x000000010f52b544 method=java.util.HashMap.putVal(ILjava/lang/Object;Ljava/lang/Object;ZZ)Ljava/lang/Object; @ 253
Event: 1.712 Thread 0x00007fe00d004000 Uncommon trap: reason=class_check action=maybe_recompile pc=0x000000010f52b544 method=java.util.HashMap.putVal(ILjava/lang/Object;Ljava/lang/Object;ZZ)Ljava/lang/Object; @ 253
Event: 1.712 Thread 0x00007fe00d004000 Uncommon trap: reason=class_check action=maybe_recompile pc=0x000000010f52b544 method=java.util.HashMap.putVal(ILjava/lang/Object;Ljava/lang/Object;ZZ)Ljava/lang/Object; @ 253
Event: 2.054 Thread 0x00007fe00d004000 Uncommon trap: reason=unstable_if action=reinterpret pc=0x000000010f5d8810 method=java.awt.image.ComponentColorModel.getDataElements(ILjava/lang/Object;)Ljava/lang/Object; @ 2993
Event: 2.054 Thread 0x00007fe00d004000 Uncommon trap: reason=unstable_if action=reinterpret pc=0x000000010f5bb72c method=sun.awt.image.ByteInterleavedRaster.getDataElements(IILjava/lang/Object;)Ljava/lang/Object; @ 43

Internal exceptions (10 events):
Event: 0.154 Thread 0x00007fe00d004000 Exception <a 'java/security/PrivilegedActionException'> (0x00000007958b40f8) thrown at [/Users/java_re/workspace/8-2-build-macosx-x86_64/jdk8u60/4407/hotspot/src/share/vm/prims/jvm.cpp, line 1386]
Event: 0.154 Thread 0x00007fe00d004000 Exception <a 'java/security/PrivilegedActionException'> (0x00000007958b4308) thrown at [/Users/java_re/workspace/8-2-build-macosx-x86_64/jdk8u60/4407/hotspot/src/share/vm/prims/jvm.cpp, line 1386]
Event: 0.154 Thread 0x00007fe00d004000 Exception <a 'java/security/PrivilegedActionException'> (0x00000007958b7790) thrown at [/Users/java_re/workspace/8-2-build-macosx-x86_64/jdk8u60/4407/hotspot/src/share/vm/prims/jvm.cpp, line 1386]
Event: 0.154 Thread 0x00007fe00d004000 Exception <a 'java/security/PrivilegedActionException'> (0x00000007958b79a0) thrown at [/Users/java_re/workspace/8-2-build-macosx-x86_64/jdk8u60/4407/hotspot/src/share/vm/prims/jvm.cpp, line 1386]
Event: 0.209 Thread 0x00007fe00d004000 Exception <a 'java/lang/NoSuchFieldError': method resolution failed> (0x0000000795986290) thrown at [/Users/java_re/workspace/8-2-build-macosx-x86_64/jdk8u60/4407/hotspot/src/share/vm/prims/methodHandles.cpp, line 1146]
Event: 0.212 Thread 0x00007fe00d004000 Exception <a 'java/lang/NoSuchFieldError': method resolution failed> (0x00000007959939e0) thrown at [/Users/java_re/workspace/8-2-build-macosx-x86_64/jdk8u60/4407/hotspot/src/share/vm/prims/methodHandles.cpp, line 1146]
Event: 0.456 Thread 0x00007fe00d004000 Exception <a 'java/io/FileNotFoundException'> (0x0000000795a0ec98) thrown at [/Users/java_re/workspace/8-2-build-macosx-x86_64/jdk8u60/4407/hotspot/src/share/vm/prims/jni.cpp, line 709]
Event: 0.457 Thread 0x00007fe00d004000 Exception <a 'java/io/FileNotFoundException'> (0x0000000795a0f820) thrown at [/Users/java_re/workspace/8-2-build-macosx-x86_64/jdk8u60/4407/hotspot/src/share/vm/prims/jni.cpp, line 709]
Event: 2.054 Thread 0x00007fe00d004000 Implicit null exception at 0x000000010f5d8226 to 0x000000010f5d87f5
Event: 2.054 Thread 0x00007fe00d004000 Implicit null exception at 0x000000010f5bb4e4 to 0x000000010f5bb711

Events (10 events):
Event: 2.120 loading class org/newdawn/slick/Music
Event: 2.120 loading class org/newdawn/slick/Music done
Event: 2.129 loading class org/newdawn/slick/AngelCodeFont$DisplayList
Event: 2.129 loading class org/newdawn/slick/AngelCodeFont$DisplayList done
Event: 2.131 loading class org/lwjgl/opengl/Sync
Event: 2.131 loading class org/lwjgl/opengl/Sync done
Event: 2.132 loading class org/lwjgl/opengl/Sync$RunningAvg
Event: 2.132 loading class org/lwjgl/opengl/Sync$RunningAvg done
Event: 2.788 loading class org/lwjgl/opengl/CallbackUtil
Event: 2.788 loading class org/lwjgl/opengl/CallbackUtil done


Dynamic libraries:
0x000000000b194000 	/System/Library/Frameworks/Cocoa.framework/Versions/A/Cocoa
0x000000000b194000 	/System/Library/Frameworks/Security.framework/Versions/A/Security
0x000000000b194000 	/System/Library/Frameworks/ApplicationServices.framework/Versions/A/ApplicationServices
0x000000000b194000 	/usr/lib/libz.1.dylib
0x000000000b194000 	/usr/lib/libSystem.B.dylib
0x000000000b194000 	/usr/lib/libobjc.A.dylib
0x000000000b194000 	/System/Library/Frameworks/CoreFoundation.framework/Versions/A/CoreFoundation
0x000000000b194000 	/System/Library/Frameworks/Foundation.framework/Versions/C/Foundation
0x000000000b194000 	/System/Library/Frameworks/AppKit.framework/Versions/C/AppKit
0x000000000b194000 	/System/Library/Frameworks/CoreData.framework/Versions/A/CoreData
0x000000000b194000 	/System/Library/PrivateFrameworks/RemoteViewServices.framework/Versions/A/RemoteViewServices
0x000000000b194000 	/System/Library/PrivateFrameworks/UIFoundation.framework/Versions/A/UIFoundation
0x000000000b194000 	/System/Library/Frameworks/IOSurface.framework/Versions/A/IOSurface
0x000000000b194000 	/System/Library/Frameworks/AudioToolbox.framework/Versions/A/AudioToolbox
0x000000000b194000 	/System/Library/Frameworks/AudioUnit.framework/Versions/A/AudioUnit
0x000000000b194000 	/System/Library/PrivateFrameworks/DataDetectorsCore.framework/Versions/A/DataDetectorsCore
0x000000000b194000 	/System/Library/PrivateFrameworks/DesktopServicesPriv.framework/Versions/A/DesktopServicesPriv
0x000000000b194000 	/System/Library/Frameworks/Carbon.framework/Versions/A/Frameworks/HIToolbox.framework/Versions/A/HIToolbox
0x000000000b194000 	/System/Library/Frameworks/QuartzCore.framework/Versions/A/QuartzCore
0x000000000b194000 	/System/Library/Frameworks/Carbon.framework/Versions/A/Frameworks/SpeechRecognition.framework/Versions/A/SpeechRecognition
0x000000000b194000 	/usr/lib/libauto.dylib
0x000000000b194000 	/usr/lib/libicucore.A.dylib
0x000000000b194000 	/usr/lib/libxml2.2.dylib
0x000000000b194000 	/System/Library/PrivateFrameworks/CoreUI.framework/Versions/A/CoreUI
0x000000000b194000 	/System/Library/Frameworks/CoreAudio.framework/Versions/A/CoreAudio
0x000000000b194000 	/System/Library/Frameworks/DiskArbitration.framework/Versions/A/DiskArbitration
0x000000000b194000 	/usr/lib/liblangid.dylib
0x000000000b194000 	/System/Library/PrivateFrameworks/MultitouchSupport.framework/Versions/A/MultitouchSupport
0x000000000b194000 	/System/Library/Frameworks/IOKit.framework/Versions/A/IOKit
0x000000000b194000 	/usr/lib/libDiagnosticMessagesClient.dylib
0x000000000b194000 	/System/Library/Frameworks/CoreServices.framework/Versions/A/CoreServices
0x000000000b194000 	/System/Library/PrivateFrameworks/PerformanceAnalysis.framework/Versions/A/PerformanceAnalysis
0x000000000b194000 	/System/Library/PrivateFrameworks/GenerationalStorage.framework/Versions/A/GenerationalStorage
0x000000000b194000 	/System/Library/Frameworks/OpenGL.framework/Versions/A/OpenGL
0x000000000b194000 	/System/Library/PrivateFrameworks/Sharing.framework/Versions/A/Sharing
0x000000000b194000 	/System/Library/Frameworks/CoreGraphics.framework/Versions/A/CoreGraphics
0x000000000b194000 	/System/Library/Frameworks/CoreText.framework/Versions/A/CoreText
0x000000000b194000 	/System/Library/Frameworks/ImageIO.framework/Versions/A/ImageIO
0x000000000b194000 	/usr/lib/libextension.dylib
0x000000000b194000 	/System/Library/PrivateFrameworks/Backup.framework/Versions/A/Backup
0x000000000b194000 	/usr/lib/libarchive.2.dylib
0x000000000b194000 	/System/Library/Frameworks/CFNetwork.framework/Versions/A/CFNetwork
0x000000000b194000 	/System/Library/Frameworks/SystemConfiguration.framework/Versions/A/SystemConfiguration
0x000000000b194000 	/usr/lib/libCRFSuite.dylib
0x000000000b194000 	/usr/lib/libc++.1.dylib
0x000000000b194000 	/usr/lib/libc++abi.dylib
0x000000000b194000 	/usr/lib/system/libcache.dylib
0x000000000b194000 	/usr/lib/system/libcommonCrypto.dylib
0x000000000b194000 	/usr/lib/system/libcompiler_rt.dylib
0x000000000b194000 	/usr/lib/system/libcopyfile.dylib
0x000000000b194000 	/usr/lib/system/libcorecrypto.dylib
0x000000000b194000 	/usr/lib/system/libdispatch.dylib
0x000000000b194000 	/usr/lib/system/libdyld.dylib
0x000000000b194000 	/usr/lib/system/libkeymgr.dylib
0x000000000b194000 	/usr/lib/system/liblaunch.dylib
0x000000000b194000 	/usr/lib/system/libmacho.dylib
0x000000000b194000 	/usr/lib/system/libquarantine.dylib
0x000000000b194000 	/usr/lib/system/libremovefile.dylib
0x000000000b194000 	/usr/lib/system/libsystem_asl.dylib
0x000000000b194000 	/usr/lib/system/libsystem_blocks.dylib
0x000000000b194000 	/usr/lib/system/libsystem_c.dylib
0x000000000b194000 	/usr/lib/system/libsystem_configuration.dylib
0x000000000b194000 	/usr/lib/system/libsystem_coreservices.dylib
0x000000000b194000 	/usr/lib/system/libsystem_coretls.dylib
0x000000000b194000 	/usr/lib/system/libsystem_dnssd.dylib
0x000000000b194000 	/usr/lib/system/libsystem_info.dylib
0x000000000b194000 	/usr/lib/system/libsystem_kernel.dylib
0x000000000b194000 	/usr/lib/system/libsystem_m.dylib
0x000000000b194000 	/usr/lib/system/libsystem_malloc.dylib
0x000000000b194000 	/usr/lib/system/libsystem_network.dylib
0x000000000b194000 	/usr/lib/system/libsystem_networkextension.dylib
0x000000000b194000 	/usr/lib/system/libsystem_notify.dylib
0x000000000b194000 	/usr/lib/system/libsystem_platform.dylib
0x000000000b194000 	/usr/lib/system/libsystem_pthread.dylib
0x000000000b194000 	/usr/lib/system/libsystem_sandbox.dylib
0x000000000b194000 	/usr/lib/system/libsystem_secinit.dylib
0x000000000b194000 	/usr/lib/system/libsystem_stats.dylib
0x000000000b194000 	/usr/lib/system/libsystem_trace.dylib
0x000000000b194000 	/usr/lib/system/libunc.dylib
0x000000000b194000 	/usr/lib/system/libunwind.dylib
0x000000000b194000 	/usr/lib/system/libxpc.dylib
0x000000000b194000 	/usr/lib/libbz2.1.0.dylib
0x000000000b194000 	/usr/lib/liblzma.5.dylib
0x000000000b194000 	/usr/lib/libbsm.0.dylib
0x000000000b194000 	/usr/lib/libsqlite3.dylib
0x000000000b194000 	/usr/lib/system/libkxld.dylib
0x000000000b194000 	/usr/lib/libxar.1.dylib
0x000000000b194000 	/usr/lib/libpam.2.dylib
0x000000000b194000 	/usr/lib/libOpenScriptingUtil.dylib
0x000000000b194000 	/System/Library/Frameworks/CoreServices.framework/Versions/A/Frameworks/FSEvents.framework/Versions/A/FSEvents
0x000000000b194000 	/System/Library/Frameworks/CoreServices.framework/Versions/A/Frameworks/CarbonCore.framework/Versions/A/CarbonCore
0x000000000b194000 	/System/Library/Frameworks/CoreServices.framework/Versions/A/Frameworks/Metadata.framework/Versions/A/Metadata
0x000000000b194000 	/System/Library/Frameworks/CoreServices.framework/Versions/A/Frameworks/OSServices.framework/Versions/A/OSServices
0x000000000b194000 	/System/Library/Frameworks/CoreServices.framework/Versions/A/Frameworks/SearchKit.framework/Versions/A/SearchKit
0x000000000b194000 	/System/Library/Frameworks/CoreServices.framework/Versions/A/Frameworks/AE.framework/Versions/A/AE
0x000000000b194000 	/System/Library/Frameworks/CoreServices.framework/Versions/A/Frameworks/LaunchServices.framework/Versions/A/LaunchServices
0x000000000b194000 	/System/Library/Frameworks/CoreServices.framework/Versions/A/Frameworks/DictionaryServices.framework/Versions/A/DictionaryServices
0x000000000b194000 	/System/Library/Frameworks/NetFS.framework/Versions/A/NetFS
0x000000000b194000 	/System/Library/PrivateFrameworks/NetAuth.framework/Versions/A/NetAuth
0x000000000b194000 	/System/Library/PrivateFrameworks/login.framework/Versions/A/Frameworks/loginsupport.framework/Versions/A/loginsupport
0x000000000b194000 	/System/Library/PrivateFrameworks/TCC.framework/Versions/A/TCC
0x000000000b194000 	/usr/lib/libmecabra.dylib
0x000000000b194000 	/System/Library/Frameworks/ApplicationServices.framework/Versions/A/Frameworks/ATS.framework/Versions/A/ATS
0x000000000b194000 	/System/Library/Frameworks/ApplicationServices.framework/Versions/A/Frameworks/ColorSync.framework/Versions/A/ColorSync
0x000000000b194000 	/System/Library/Frameworks/ApplicationServices.framework/Versions/A/Frameworks/HIServices.framework/Versions/A/HIServices
0x000000000b194000 	/System/Library/Frameworks/ApplicationServices.framework/Versions/A/Frameworks/LangAnalysis.framework/Versions/A/LangAnalysis
0x000000000b194000 	/System/Library/Frameworks/ApplicationServices.framework/Versions/A/Frameworks/PrintCore.framework/Versions/A/PrintCore
0x000000000b194000 	/System/Library/Frameworks/ApplicationServices.framework/Versions/A/Frameworks/QD.framework/Versions/A/QD
0x000000000b194000 	/System/Library/Frameworks/ApplicationServices.framework/Versions/A/Frameworks/SpeechSynthesis.framework/Versions/A/SpeechSynthesis
0x000000000b194000 	/System/Library/Frameworks/Accelerate.framework/Versions/A/Accelerate
0x000000000b194000 	/System/Library/Frameworks/Accelerate.framework/Versions/A/Frameworks/vImage.framework/Versions/A/vImage
0x000000000b194000 	/System/Library/Frameworks/Accelerate.framework/Versions/A/Frameworks/vecLib.framework/Versions/A/vecLib
0x000000000b194000 	/System/Library/Frameworks/Accelerate.framework/Versions/A/Frameworks/vecLib.framework/Versions/A/libvDSP.dylib
0x000000000b194000 	/System/Library/Frameworks/Accelerate.framework/Versions/A/Frameworks/vecLib.framework/Versions/A/libvMisc.dylib
0x000000000b194000 	/System/Library/Frameworks/Accelerate.framework/Versions/A/Frameworks/vecLib.framework/Versions/A/libLAPACK.dylib
0x000000000b194000 	/System/Library/Frameworks/Accelerate.framework/Versions/A/Frameworks/vecLib.framework/Versions/A/libBLAS.dylib
0x000000000b194000 	/System/Library/Frameworks/Accelerate.framework/Versions/A/Frameworks/vecLib.framework/Versions/A/libLinearAlgebra.dylib
0x000000000b194000 	/System/Library/Frameworks/ApplicationServices.framework/Versions/A/Frameworks/ATS.framework/Versions/A/Resources/libFontParser.dylib
0x000000000b194000 	/System/Library/Frameworks/ApplicationServices.framework/Versions/A/Frameworks/ATS.framework/Versions/A/Resources/libFontRegistry.dylib
0x000000000b194000 	/System/Library/PrivateFrameworks/AppleVPA.framework/Versions/A/AppleVPA
0x000000000b194000 	/System/Library/PrivateFrameworks/AppleJPEG.framework/Versions/A/AppleJPEG
0x000000000b194000 	/System/Library/Frameworks/ImageIO.framework/Versions/A/Resources/libJPEG.dylib
0x000000000b194000 	/System/Library/Frameworks/ImageIO.framework/Versions/A/Resources/libTIFF.dylib
0x000000000b194000 	/System/Library/Frameworks/ImageIO.framework/Versions/A/Resources/libPng.dylib
0x000000000b194000 	/System/Library/Frameworks/ImageIO.framework/Versions/A/Resources/libGIF.dylib
0x000000000b194000 	/System/Library/Frameworks/ImageIO.framework/Versions/A/Resources/libJP2.dylib
0x000000000b194000 	/System/Library/Frameworks/ImageIO.framework/Versions/A/Resources/libRadiance.dylib
0x000000000b194000 	/System/Library/Frameworks/CoreVideo.framework/Versions/A/CoreVideo
0x000000000b194000 	/System/Library/Frameworks/OpenGL.framework/Versions/A/Libraries/libGLU.dylib
0x000000000b194000 	/System/Library/Frameworks/OpenGL.framework/Versions/A/Libraries/libGFXShared.dylib
0x000000000b194000 	/System/Library/Frameworks/OpenGL.framework/Versions/A/Libraries/libGL.dylib
0x000000000b194000 	/System/Library/Frameworks/OpenGL.framework/Versions/A/Libraries/libGLImage.dylib
0x000000000b194000 	/System/Library/Frameworks/OpenGL.framework/Versions/A/Libraries/libCVMSPluginSupport.dylib
0x000000000b194000 	/System/Library/Frameworks/OpenGL.framework/Versions/A/Libraries/libCoreVMClient.dylib
0x000000000b194000 	/usr/lib/libcups.2.dylib
0x000000000b194000 	/System/Library/Frameworks/Kerberos.framework/Versions/A/Kerberos
0x000000000b194000 	/System/Library/Frameworks/GSS.framework/Versions/A/GSS
0x000000000b194000 	/usr/lib/libresolv.9.dylib
0x000000000b194000 	/usr/lib/libiconv.2.dylib
0x000000000b194000 	/System/Library/PrivateFrameworks/Heimdal.framework/Versions/A/Heimdal
0x000000000b194000 	/usr/lib/libheimdal-asn1.dylib
0x000000000b194000 	/System/Library/Frameworks/OpenDirectory.framework/Versions/A/OpenDirectory
0x000000000b194000 	/System/Library/PrivateFrameworks/CommonAuth.framework/Versions/A/CommonAuth
0x000000000b194000 	/System/Library/Frameworks/OpenDirectory.framework/Versions/A/Frameworks/CFOpenDirectory.framework/Versions/A/CFOpenDirectory
0x000000000b194000 	/System/Library/Frameworks/SecurityFoundation.framework/Versions/A/SecurityFoundation
0x000000000b194000 	/System/Library/PrivateFrameworks/LanguageModeling.framework/Versions/A/LanguageModeling
0x000000000b194000 	/usr/lib/libcmph.dylib
0x000000000b194000 	/System/Library/Frameworks/ServiceManagement.framework/Versions/A/ServiceManagement
0x000000000b194000 	/usr/lib/libxslt.1.dylib
0x000000000b194000 	/System/Library/Frameworks/Carbon.framework/Versions/A/Frameworks/Ink.framework/Versions/A/Ink
0x000000000b194000 	/System/Library/Frameworks/QuartzCore.framework/Versions/A/Frameworks/CoreImage.framework/Versions/A/CoreImage
0x000000000b194000 	/System/Library/PrivateFrameworks/CrashReporterSupport.framework/Versions/A/CrashReporterSupport
0x000000000b194000 	/System/Library/Frameworks/OpenCL.framework/Versions/A/OpenCL
0x000000000b194000 	/System/Library/PrivateFrameworks/FaceCore.framework/Versions/A/FaceCore
0x000000000b194000 	/System/Library/PrivateFrameworks/Ubiquity.framework/Versions/A/Ubiquity
0x000000000b194000 	/System/Library/PrivateFrameworks/IconServices.framework/Versions/A/IconServices
0x000000000b194000 	/System/Library/PrivateFrameworks/ChunkingLibrary.framework/Versions/A/ChunkingLibrary
0x000000000b194000 	/System/Library/PrivateFrameworks/Apple80211.framework/Versions/A/Apple80211
0x000000000b194000 	/System/Library/Frameworks/CoreWLAN.framework/Versions/A/CoreWLAN
0x000000000b194000 	/System/Library/Frameworks/IOBluetooth.framework/Versions/A/IOBluetooth
0x000000000b194000 	/System/Library/PrivateFrameworks/CoreWiFi.framework/Versions/A/CoreWiFi
0x000000000b194000 	/System/Library/Frameworks/CoreBluetooth.framework/Versions/A/CoreBluetooth
0x000000000b194000 	/System/Library/PrivateFrameworks/DebugSymbols.framework/Versions/A/DebugSymbols
0x000000000b194000 	/System/Library/PrivateFrameworks/CoreSymbolication.framework/Versions/A/CoreSymbolication
0x000000000b194000 	/System/Library/PrivateFrameworks/Symbolication.framework/Versions/A/Symbolication
0x000000000b194000 	/System/Library/PrivateFrameworks/SpeechRecognitionCore.framework/Versions/A/SpeechRecognitionCore
0x000000010e213000 	/Library/Java/JavaVirtualMachines/jdk1.8.0_60.jdk/Contents/Home/jre/lib/server/libjvm.dylib
0x000000000b194000 	/usr/lib/libstdc++.6.dylib
0x000000010f29f000 	/Library/Java/JavaVirtualMachines/jdk1.8.0_60.jdk/Contents/Home/jre/lib/libverify.dylib
0x000000010f2ad000 	/Library/Java/JavaVirtualMachines/jdk1.8.0_60.jdk/Contents/Home/jre/lib/libjava.dylib
0x000000010f2ea000 	/Library/Java/JavaVirtualMachines/jdk1.8.0_60.jdk/Contents/Home/jre/lib/libzip.dylib
0x000000012536a000 	/System/Library/Frameworks/JavaVM.framework/Frameworks/JavaRuntimeSupport.framework/JavaRuntimeSupport
0x0000000125385000 	/System/Library/Frameworks/JavaVM.framework/Versions/A/Frameworks/JavaNativeFoundation.framework/Versions/A/JavaNativeFoundation
0x000000012539a000 	/System/Library/Frameworks/JavaVM.framework/Versions/A/JavaVM
0x000000000b194000 	/System/Library/Frameworks/Carbon.framework/Versions/A/Carbon
0x00000001253a7000 	/System/Library/PrivateFrameworks/JavaLaunching.framework/Versions/A/JavaLaunching
0x000000000b194000 	/System/Library/Frameworks/Carbon.framework/Versions/A/Frameworks/CommonPanels.framework/Versions/A/CommonPanels
0x000000000b194000 	/System/Library/Frameworks/Carbon.framework/Versions/A/Frameworks/Help.framework/Versions/A/Help
0x000000000b194000 	/System/Library/Frameworks/Carbon.framework/Versions/A/Frameworks/ImageCapture.framework/Versions/A/ImageCapture
0x000000000b194000 	/System/Library/Frameworks/Carbon.framework/Versions/A/Frameworks/OpenScripting.framework/Versions/A/OpenScripting
0x000000000b194000 	/System/Library/Frameworks/Carbon.framework/Versions/A/Frameworks/Print.framework/Versions/A/Print
0x000000000b194000 	/System/Library/Frameworks/Carbon.framework/Versions/A/Frameworks/SecurityHI.framework/Versions/A/SecurityHI
0x00000001272fa000 	/Library/Java/JavaVirtualMachines/jdk1.8.0_60.jdk/Contents/Home/jre/lib/libawt.dylib
0x00000001273a2000 	/Library/Java/JavaVirtualMachines/jdk1.8.0_60.jdk/Contents/Home/jre/lib/./libmlib_image.dylib
0x000000012746e000 	/Library/Java/JavaVirtualMachines/jdk1.8.0_60.jdk/Contents/Home/jre/lib/libawt_lwawt.dylib
0x0000000127523000 	/Library/Java/JavaVirtualMachines/jdk1.8.0_60.jdk/Contents/Home/jre/lib/./libosxapp.dylib
0x000000000b194000 	/System/Library/Frameworks/ExceptionHandling.framework/Versions/A/ExceptionHandling
0x000000000b194000 	/System/Library/PrivateFrameworks/CoreServicesInternal.framework/Versions/A/CoreServicesInternal
0x000000000b194000 	/System/Library/PrivateFrameworks/CloudDocs.framework/Versions/A/CloudDocs
0x000000000b194000 	/System/Library/PrivateFrameworks/CoreDuet.framework/Versions/A/CoreDuet
0x000000000b194000 	/System/Library/Frameworks/CloudKit.framework/Versions/A/CloudKit
0x000000000b194000 	/System/Library/PrivateFrameworks/ProtocolBuffer.framework/Versions/A/ProtocolBuffer
0x000000000b194000 	/System/Library/PrivateFrameworks/CoreDuetDaemonProtocol.framework/Versions/A/CoreDuetDaemonProtocol
0x000000000b194000 	/System/Library/PrivateFrameworks/CoreDuetDebugLogging.framework/Versions/A/CoreDuetDebugLogging
0x000000000b194000 	/System/Library/PrivateFrameworks/MMCS.framework/Versions/A/MMCS
0x000000000b194000 	/System/Library/Frameworks/CoreLocation.framework/Versions/A/CoreLocation
0x000000000b194000 	/System/Library/PrivateFrameworks/ProtectedCloudStorage.framework/Versions/A/ProtectedCloudStorage
0x000000000b194000 	/System/Library/PrivateFrameworks/GeoServices.framework/Versions/A/GeoServices
0x000000000b194000 	/System/Library/Frameworks/CoreGraphics.framework/Versions/A/Resources/libCGCMS.A.dylib
0x000000000b194000 	/System/Library/Frameworks/CoreGraphics.framework/Versions/A/Resources/libRIP.A.dylib
0x000000000b194000 	/System/Library/Frameworks/CoreGraphics.framework/Versions/A/Resources/libCGXType.A.dylib
0x000000000b194000 	/System/Library/Frameworks/OpenCL.framework/Versions/A/Libraries/libcldcpuengine.dylib
0x000000000b194000 	/System/Library/PrivateFrameworks/DiskImages.framework/Versions/A/DiskImages
0x000000000b194000 	/System/Library/Frameworks/DiscRecording.framework/Versions/A/DiscRecording
0x000000000b194000 	/usr/lib/libcsfde.dylib
0x000000000b194000 	/usr/lib/libcurl.4.dylib
0x000000000b194000 	/System/Library/PrivateFrameworks/MediaKit.framework/Versions/A/MediaKit
0x000000000b194000 	/usr/lib/libCoreStorage.dylib
0x000000000b194000 	/System/Library/PrivateFrameworks/EFILogin.framework/Versions/A/EFILogin
0x000000000b194000 	/usr/lib/libutil.dylib
0x000000000b194000 	/System/Library/PrivateFrameworks/FindMyDevice.framework/Versions/A/FindMyDevice
0x000000000b194000 	/System/Library/Frameworks/LDAP.framework/Versions/A/LDAP
0x000000000b194000 	/usr/lib/libsasl2.2.dylib
0x000000000b194000 	/System/Library/PrivateFrameworks/CoreDaemon.framework/Versions/B/CoreDaemon
0x000000000b194000 	/usr/lib/libcrypto.0.9.8.dylib
0x000000000b194000 	/System/Library/PrivateFrameworks/AppleSRP.framework/Versions/A/AppleSRP
0x000000000b194000 	/System/Library/PrivateFrameworks/TrustEvaluationAgent.framework/Versions/A/TrustEvaluationAgent
0x0000000128d4f000 	cl_kernels
0x0000000128d51000 	/System/Library/Frameworks/OpenCL.framework/Versions/A/Libraries/ImageFormats/unorm8_bgra.dylib
0x0000000128d40000 	cl_kernels
0x000000000b194000 	/System/Library/PrivateFrameworks/FamilyControls.framework/Versions/A/FamilyControls
0x000000000b194000 	/System/Library/PrivateFrameworks/CommerceKit.framework/Versions/A/Frameworks/CommerceCore.framework/Versions/A/CommerceCore
0x000000000b194000 	/System/Library/PrivateFrameworks/SystemAdministration.framework/Versions/A/SystemAdministration
0x000000000b194000 	/System/Library/PrivateFrameworks/AppContainer.framework/Versions/A/AppContainer
0x000000000b194000 	/System/Library/PrivateFrameworks/SecCodeWrapper.framework/Versions/A/SecCodeWrapper
0x000000000b194000 	/System/Library/Frameworks/DirectoryService.framework/Versions/A/DirectoryService
0x000000000b194000 	/System/Library/PrivateFrameworks/LoginUIKit.framework/Versions/A/Frameworks/LoginUICore.framework/Versions/A/LoginUICore
0x000000000b194000 	/usr/lib/libodfde.dylib
0x0000000128f1b000 	/Library/Java/JavaVirtualMachines/jdk1.8.0_60.jdk/Contents/Home/jre/lib/libfontmanager.dylib
0x0000000128f82000 	/Users/jasperketelaar/Documents/TU Delft/Software Engineering/Asteroids-group-7/lwjgl/native/macosx/liblwjgl.dylib
0x0000000128ccf000 	/Library/Java/JavaVirtualMachines/jdk1.8.0_60.jdk/Contents/Home/jre/lib/libjawt.dylib
0x000000000b194000 	/System/Library/Frameworks/OpenGL.framework/Versions/A/Resources/GLEngine.bundle/GLEngine
0x000000000b194000 	/System/Library/Frameworks/OpenGL.framework/Versions/A/Libraries/libGLProgrammability.dylib
0x000000012d1e1000 	/System/Library/Extensions/AppleIntelBDWGraphicsGLDriver.bundle/Contents/MacOS/AppleIntelBDWGraphicsGLDriver
0x000000000b194000 	/System/Library/PrivateFrameworks/IOAccelerator.framework/Versions/A/IOAccelerator
0x000000000b194000 	/System/Library/PrivateFrameworks/GPUSupport.framework/Versions/A/Libraries/libGPUSupportMercury.dylib
0x000000000b194000 	/System/Library/Frameworks/OpenGL.framework/Versions/A/Resources/GLRendererFloat.bundle/GLRendererFloat
0x0000000128cec000 	/Users/jasperketelaar/Documents/TU Delft/Software Engineering/Asteroids-group-7/lwjgl/native/macosx/libjinput-osx.dylib
0x000000012dff4000 	/System/Library/Extensions/IOHIDFamily.kext/Contents/PlugIns/IOHIDLib.plugin/Contents/MacOS/IOHIDLib
0x000000012e01b000 	/Library/Java/JavaVirtualMachines/jdk1.8.0_60.jdk/Contents/Home/jre/lib/libnio.dylib
0x000000012e02b000 	/Library/Java/JavaVirtualMachines/jdk1.8.0_60.jdk/Contents/Home/jre/lib/./libnet.dylib
0x000000012e149000 	/Library/Java/JavaVirtualMachines/jdk1.8.0_60.jdk/Contents/Home/jre/lib/libjpeg.dylib
0x000000012e189000 	/Library/Java/JavaVirtualMachines/jdk1.8.0_60.jdk/Contents/Home/jre/lib/liblcms.dylib

VM Arguments:
jvm_args: -Djava.library.path=/Users/jasperketelaar/Documents/TU Delft/Software Engineering/Asteroids-group-7/lwjgl/native/macosx -Dfile.encoding=UTF-8 
java_command: nl.tudelft.asteroids.Launch
java_class_path (initial): /Users/jasperketelaar/Documents/TU Delft/Software Engineering/Asteroids-group-7/bin:/Users/jasperketelaar/Documents/TU Delft/Software Engineering/Asteroids-group-7/lib/jinput.jar:/Users/jasperketelaar/Documents/TU Delft/Software Engineering/Asteroids-group-7/lib/lwjgl_util.jar:/Users/jasperketelaar/Documents/TU Delft/Software Engineering/Asteroids-group-7/lib/lwjgl.jar:/Users/jasperketelaar/Documents/TU Delft/Software Engineering/Asteroids-group-7/lib/slick.jar
Launcher Type: SUN_STANDARD

Environment Variables:
PATH=/usr/bin:/bin:/usr/sbin:/sbin
SHELL=/bin/bash

Signal Handlers:
SIGSEGV: [libjvm.dylib+0x5a6d31], sa_mask[0]=11111111011111110111111111111111, sa_flags=SA_ONSTACK|SA_RESTART|SA_SIGINFO
SIGBUS: [libjvm.dylib+0x5a6d31], sa_mask[0]=11111111011111110111111111111111, sa_flags=SA_RESTART|SA_SIGINFO
SIGFPE: [libjvm.dylib+0x480a4c], sa_mask[0]=11111111011111110111111111111111, sa_flags=SA_RESTART|SA_SIGINFO
SIGPIPE: [libjvm.dylib+0x480a4c], sa_mask[0]=11111111011111110111111111111111, sa_flags=SA_RESTART|SA_SIGINFO
SIGXFSZ: [libjvm.dylib+0x480a4c], sa_mask[0]=11111111011111110111111111111111, sa_flags=SA_RESTART|SA_SIGINFO
SIGILL: [libjvm.dylib+0x480a4c], sa_mask[0]=11111111011111110111111111111111, sa_flags=SA_RESTART|SA_SIGINFO
SIGUSR1: SIG_DFL, sa_mask[0]=00000000000000000000000000000000, sa_flags=none
SIGUSR2: [libjvm.dylib+0x48056a], sa_mask[0]=00100000000000000000000000000000, sa_flags=SA_RESTART|SA_SIGINFO
SIGHUP: [libjvm.dylib+0x47eb41], sa_mask[0]=11111111011111110111111111111111, sa_flags=SA_RESTART|SA_SIGINFO
SIGINT: [libjvm.dylib+0x47eb41], sa_mask[0]=11111111011111110111111111111111, sa_flags=SA_RESTART|SA_SIGINFO
SIGTERM: [libjvm.dylib+0x47eb41], sa_mask[0]=11111111011111110111111111111111, sa_flags=SA_RESTART|SA_SIGINFO
SIGQUIT: [libjvm.dylib+0x47eb41], sa_mask[0]=11111111011111110111111111111111, sa_flags=SA_RESTART|SA_SIGINFO


---------------  S Y S T E M  ---------------

OS:Bsduname:Darwin 14.5.0 Darwin Kernel Version 14.5.0: Wed Jul 29 02:26:53 PDT 2015; root:xnu-2782.40.9~1/RELEASE_X86_64 x86_64
rlimit: STACK 8192k, CORE 0k, NPROC 709, NOFILE 10240, AS infinity
load average:2.52 1.88 2.42

CPU:total 4 (2 cores per cpu, 2 threads per core) family 6 model 61 stepping 4, cmov, cx8, fxsr, mmx, sse, sse2, sse3, ssse3, sse4.1, sse4.2, popcnt, avx, avx2, aes, clmul, erms, 3dnowpref, lzcnt, ht, tsc, tscinvbit, bmi1, bmi2, adx

Memory: 4k page, physical 8388608k(1041872k free)

/proc/meminfo:


vm_info: Java HotSpot(TM) 64-Bit Server VM (25.60-b23) for bsd-amd64 JRE (1.8.0_60-b27), built on Aug  4 2015 10:47:24 by "java_re" with gcc 4.2.1 (Based on Apple Inc. build 5658) (LLVM build 2336.11.00)

time: Mon Sep 12 12:59:50 2016
elapsed time: 2 seconds (0d 0h 0m 2s)

