#
# A fatal error has been detected by the Java Runtime Environment:
#
#  SIGILL (0x4) at pc=0x00007fff922972ea, pid=2660, tid=1811
#
# JRE version: Java(TM) SE Runtime Environment (8.0_60-b27) (build 1.8.0_60-b27)
# Java VM: Java HotSpot(TM) 64-Bit Server VM (25.60-b23 mixed mode bsd-amd64 compressed oops)
# Problematic frame:
# C  [libobjc.A.dylib+0x122ea]  _objc_trap()+0x0
#
# Failed to write core dump. Core dumps have been disabled. To enable core dumping, try "ulimit -c unlimited" before starting Java again
#
# If you would like to submit a bug report, please visit:
#   http://bugreport.java.com/bugreport/crash.jsp
# The crash happened outside the Java Virtual Machine in native code.
# See problematic frame for where to report the bug.
#

---------------  T H R E A D  ---------------

Current thread (0x00007fc93216f800):  JavaThread "AppKit Thread" daemon [_thread_in_native, id=1811, stack(0x00007fff5ac54000,0x00007fff5b454000)]

siginfo: si_signo: 4 (SIGILL), si_code: 1 (ILL_ILLOPC), si_addr: 0x00007fff922972ea

Registers:
RAX=0x0000000000000000, RBX=0x00007fc930c67500, RCX=0x0000000000000000, RDX=0x00007fff7c19e1e0
RSP=0x00007fff5b44ea88, RBP=0x00007fff5b44eb70, RSI=0x0000010000000100, RDI=0x0000000000000103
R8 =0x00007fff5b44ea30, R9 =0x0000000080000000, R10=0x0000000000000000, R11=0x0000000000000140
R12=0x00007fff7cd56070, R13=0x00007fff7c1a7e80, R14=0x00007fff7c1a93a8, R15=0x00007fc930f371a0
RIP=0x00007fff922972ea, EFLAGS=0x0000000000010202, ERR=0x0000000000000000
  TRAPNO=0x0000000000000006

Top of Stack: (sp=0x00007fff5b44ea88)
0x00007fff5b44ea88:   00007fff9229742a 0000000000000000
0x00007fff5b44ea98:   00007fc930c67500 00007fff8e0acbd5
0x00007fff5b44eaa8:   00007fff8e0acbd5 000000000000005f
0x00007fff5b44eab8:   00007fc930c67500 00007fff5b44eaf0
0x00007fff5b44eac8:   00007fff922a7225 00007fff5b44eb30
0x00007fff5b44ead8:   00007fff9229ada1 00007fff7c1a9390
0x00007fff5b44eae8:   00007fff7cd56070 00007fff5b44eb50
0x00007fff5b44eaf8:   00007fc930f371a0 00007fff5b44eb30
0x00007fff5b44eb08:   00007fff8e0acbd5 00007fff8e0acbd5
0x00007fff5b44eb18:   0000000000000000 00007fff7b7f60b0
0x00007fff5b44eb28:   00007fc930f371a0 00007fff5b44eb70
0x00007fff5b44eb38:   00007fff9229c5ad 00007fc930f5dff0
0x00007fff5b44eb48:   00007fc930f5d910 0000003000000018
0x00007fff5b44eb58:   00007fff5b44eb80 00007fff5b44ea90
0x00007fff5b44eb68:   00007fc930f371a0 00007fff5b44ebe0
0x00007fff5b44eb78:   00007fff9228ec87 0000000000000000
0x00007fff5b44eb88:   00007fc930c97ef0 00007fff7c1a7e80
0x00007fff5b44eb98:   00007fc930f37120 00007fff5b44ec00
0x00007fff5b44eba8:   00007fff9228eb21 0300ea548e89da70
0x00007fff5b44ebb8:   00007fff7c1a7e80 0000000000000000
0x00007fff5b44ebc8:   00007fff7c1a7e80 00007fc930f371a0
0x00007fff5b44ebd8:   00007fff7c1a9380 00007fff5b44ec40
0x00007fff5b44ebe8:   00007fff9228eac7 000000000000000a
0x00007fff5b44ebf8:   00007fc930c67500 0000000000001500
0x00007fff5b44ec08:   00007fc930f371a0 000000000000000a
0x00007fff5b44ec18:   00007fc930c4e410 0000000000000000
0x00007fff5b44ec28:   00007fc930e94670 00007fc930f36fa0
0x00007fff5b44ec38:   00007fc930c67500 00007fff5b44ec80
0x00007fff5b44ec48:   00007fff97c9d20c 00007fc930c4e410
0x00007fff5b44ec58:   0000000000000000 00007fc930c67500
0x00007fff5b44ec68:   00007fff922860c0 00007fc930c4e410
0x00007fff5b44ec78:   00007fff7b80dbd8 00007fff5b44ecb0 

Instructions: (pc=0x00007fff922972ea)
0x00007fff922972ca:   c0 44 89 f2 e8 1f 08 01 00 48 8b 7d e0 e8 30 cc
0x00007fff922972da:   ff ff 48 8b 7d e0 e8 d3 15 ff ff e8 00 00 00 00
0x00007fff922972ea:   0f 0b 55 48 89 e5 48 81 ec d0 00 00 00 84 c0 74
0x00007fff922972fa:   26 0f 29 85 60 ff ff ff 0f 29 8d 70 ff ff ff 0f 

Register to memory mapping:

RAX=0x0000000000000000 is an unknown value
RBX=0x00007fc930c67500 is an unknown value
RCX=0x0000000000000000 is an unknown value
RDX=0x00007fff7c19e1e0: _ZZL14_objc_crashlogPKcE13crashlog_lock+0x20 in /usr/lib/libobjc.A.dylib at 0x00007fff92285000
RSP=0x00007fff5b44ea88 is pointing into the stack for thread: 0x00007fc93216f800
RBP=0x00007fff5b44eb70 is pointing into the stack for thread: 0x00007fc93216f800
RSI=0x0000010000000100 is an unknown value
RDI=0x0000000000000103 is an unknown value
R8 =0x00007fff5b44ea30 is pointing into the stack for thread: 0x00007fc93216f800
R9 =0x0000000080000000 is an unknown value
R10=0x0000000000000000 is an unknown value
R11=0x0000000000000140 is an unknown value
R12=0x00007fff7cd56070: __stack_chk_guard+0 in /usr/lib/system/libsystem_c.dylib at 0x00007fff97378000
R13=0x00007fff7c1a7e80: _ZN12_GLOBAL__N_19SideTable9table_bufE+0 in /usr/lib/libobjc.A.dylib at 0x00007fff92285000
R14=0x00007fff7c1a93a8: _ZN12_GLOBAL__N_19SideTable9table_bufE+0x1528 in /usr/lib/libobjc.A.dylib at 0x00007fff92285000
R15=0x00007fc930f371a0 is an unknown value


Stack: [0x00007fff5ac54000,0x00007fff5b454000],  sp=0x00007fff5b44ea88,  free space=8170k
Native frames: (J=compiled Java code, j=interpreted, Vv=VM code, C=native code)
C  [libobjc.A.dylib+0x122ea]  _objc_trap()+0x0
C  [libobjc.A.dylib+0x9c87]  class_getMethodImplementation+0x0
C  [libobjc.A.dylib+0x9ac7]  objc_storeWeak+0xe9
C  [Foundation+0x1620c]  -[NSConcreteMapTable setObject:forKey:]+0x6e
C  [AppKit+0x31df3e]  -[NSView(NSOpenGLContextAssociation) _setOpenGLContext:]+0xf2
C  [AppKit+0x31db54]  -[NSOpenGLContext setView:]+0x5b
C  [liblwjgl.dylib+0xa586]  -[MacOSXOpenGLView lockFocus]+0x76
C  [AppKit+0xe1f45]  -[NSView _recursiveDisplayRectIfNeededIgnoringOpacity:isVisibleRect:rectIsVisibleRectForView:topView:]+0x740
C  [AppKit+0xe2fa0]  -[NSView _recursiveDisplayRectIfNeededIgnoringOpacity:isVisibleRect:rectIsVisibleRectForView:topView:]+0x179b
C  [AppKit+0xe12f3]  -[NSThemeFrame _recursiveDisplayRectIfNeededIgnoringOpacity:isVisibleRect:rectIsVisibleRectForView:topView:]+0x14d
C  [AppKit+0xdd68b]  -[NSView _displayRectIgnoringOpacity:isVisibleRect:rectIsVisibleRectForView:]+0xac9
C  [AppKit+0x951ae]  -[NSView displayIfNeeded]+0x754
C  [AppKit+0x94a09]  -[NSWindow displayIfNeeded]+0xec
C  [AppKit+0x94672]  _handleWindowNeedsDisplayOrLayoutOrUpdateConstraints+0x3a8
C  [AppKit+0x7ca171]  __83-[NSWindow _postWindowNeedsDisplayOrLayoutOrUpdateConstraintsUnlessPostingDisabled]_block_invoke1540+0x2e
C  [CoreFoundation+0x80127]  __CFRUNLOOP_IS_CALLING_OUT_TO_AN_OBSERVER_CALLBACK_FUNCTION__+0x17
C  [CoreFoundation+0x80080]  __CFRunLoopDoObservers+0x170
C  [CoreFoundation+0x72188]  __CFRunLoopRun+0x368
C  [CoreFoundation+0x71bd8]  CFRunLoopRunSpecific+0x128
C  [HIToolbox+0x3256f]  RunCurrentEventLoopInMode+0xeb
C  [HIToolbox+0x321ee]  ReceiveNextEventCommon+0xb3
C  [HIToolbox+0x3212b]  _BlockUntilNextEventMatchingListInModeWithFilter+0x47
C  [AppKit+0x918ab]  _DPSNextEvent+0x3d2
C  [AppKit+0x90e58]  -[NSApplication nextEventMatchingMask:untilDate:inMode:dequeue:]+0x15a
C  [libosxapp.dylib+0x23aa]  -[NSApplicationAWT nextEventMatchingMask:untilDate:inMode:dequeue:]+0x7c
C  [AppKit+0x86af3]  -[NSApplication run]+0x252
C  [libosxapp.dylib+0x214d]  +[NSApplicationAWT runAWTLoopWithApp:]+0x9c
C  [libawt_lwawt.dylib+0x44517]  -[AWTStarter starter:]+0x389
C  [Foundation+0x92dd0]  __NSThreadPerformPerform+0x125
C  [CoreFoundation+0x80a01]  __CFRUNLOOP_IS_CALLING_OUT_TO_A_SOURCE0_PERFORM_FUNCTION__+0x11
C  [CoreFoundation+0x72b8d]  __CFRunLoopDoSources0+0x10d
C  [CoreFoundation+0x721bf]  __CFRunLoopRun+0x39f
C  [CoreFoundation+0x71bd8]  CFRunLoopRunSpecific+0x128
C  [java+0x6463]  CreateExecutionEnvironment+0x367
C  [java+0x21ac]  JLI_Launch+0x7a0
C  [java+0x84c0]  main+0x65
C  [java+0x1a04]  start+0x34
C  0x0000000000000006


---------------  P R O C E S S  ---------------

Java Threads: ( => current thread )
  0x00007fc9328ba800 JavaThread "Java2D Queue Flusher" daemon [_thread_blocked, id=54535, stack(0x0000000125091000,0x0000000125191000)]
  0x00007fc9310a7800 JavaThread "Java2D Disposer" daemon [_thread_blocked, id=50223, stack(0x0000000124efb000,0x0000000124ffb000)]
  0x00007fc93209e000 JavaThread "AWT-Shutdown" [_thread_blocked, id=28179, stack(0x000000011f7ab000,0x000000011f8ab000)]
=>0x00007fc93216f800 JavaThread "AppKit Thread" daemon [_thread_in_native, id=1811, stack(0x00007fff5ac54000,0x00007fff5b454000)]
  0x00007fc932017000 JavaThread "Service Thread" daemon [_thread_blocked, id=18179, stack(0x000000011df4e000,0x000000011e04e000)]
  0x00007fc931014000 JavaThread "C1 CompilerThread2" daemon [_thread_blocked, id=17667, stack(0x000000011de4b000,0x000000011df4b000)]
  0x00007fc931013800 JavaThread "C2 CompilerThread1" daemon [_thread_blocked, id=17155, stack(0x000000011dd48000,0x000000011de48000)]
  0x00007fc932016000 JavaThread "C2 CompilerThread0" daemon [_thread_blocked, id=16643, stack(0x000000011dc45000,0x000000011dd45000)]
  0x00007fc932014000 JavaThread "Signal Dispatcher" daemon [_thread_blocked, id=16155, stack(0x000000011db42000,0x000000011dc42000)]
  0x00007fc932805800 JavaThread "Finalizer" daemon [_thread_blocked, id=11523, stack(0x000000011c133000,0x000000011c233000)]
  0x00007fc932804800 JavaThread "Reference Handler" daemon [_thread_blocked, id=11011, stack(0x000000011c030000,0x000000011c130000)]
  0x00007fc931807000 JavaThread "main" [_thread_in_native, id=4867, stack(0x00000001048c3000,0x00000001049c3000)]

Other Threads:
  0x00007fc932009000 VMThread [stack: 0x000000011bf2d000,0x000000011c02d000] [id=10499]
  0x00007fc932028800 WatcherThread [stack: 0x000000011e051000,0x000000011e151000] [id=18691]

VM state:not at safepoint (normal execution)

VM Mutex/Monitor currently owned by a thread: None

Heap:
 PSYoungGen      total 71680K, used 16437K [0x0000000795580000, 0x000000079a080000, 0x00000007c0000000)
  eden space 66560K, 17% used [0x0000000795580000,0x000000079608e680,0x0000000799680000)
  from space 5120K, 99% used [0x0000000799b80000,0x000000079a07f0f0,0x000000079a080000)
  to   space 5120K, 0% used [0x0000000799680000,0x0000000799680000,0x0000000799b80000)
 ParOldGen       total 87552K, used 41206K [0x0000000740000000, 0x0000000745580000, 0x0000000795580000)
  object space 87552K, 47% used [0x0000000740000000,0x000000074283da00,0x0000000745580000)
 Metaspace       used 9730K, capacity 9889K, committed 10112K, reserved 1058816K
  class space    used 1028K, capacity 1087K, committed 1152K, reserved 1048576K

Card table byte_map: [0x000000011557e000,0x000000011597f000] byte_map_base: 0x0000000111b7e000

Marking Bits: (ParMarkBitMap*) 0x0000000105adee20
 Begin Bits: [0x0000000116036000, 0x0000000118036000)
 End Bits:   [0x0000000118036000, 0x000000011a036000)

Polling page: 0x00000001049d3000

CodeCache: size=245760Kb used=3989Kb max_used=4000Kb free=241770Kb
 bounds [0x00000001061be000, 0x00000001065ae000, 0x00000001151be000]
 total_blobs=1484 nmethods=974 adapters=424
 compilation: enabled

Compilation events (10 events):
Event: 7.333 Thread 0x00007fc931014000 nmethod 968 0x00000001065a3d50 code [0x00000001065a3ec0, 0x00000001065a40e8]
Event: 7.336 Thread 0x00007fc931014000  969       1       java.nio.HeapByteBuffer::_get (7 bytes)
Event: 7.336 Thread 0x00007fc931014000 nmethod 969 0x00000001065a41d0 code [0x00000001065a4320, 0x00000001065a4450]
Event: 7.354 Thread 0x00007fc931014000  970       3       java.nio.Buffer::nextGetIndex (38 bytes)
Event: 7.355 Thread 0x00007fc931014000 nmethod 970 0x00000001065a4510 code [0x00000001065a4680, 0x00000001065a48a8]
Event: 7.554 Thread 0x00007fc932016000  972       4       org.newdawn.slick.Image::init (109 bytes)
Event: 7.555 Thread 0x00007fc932016000 nmethod 972 0x0000000106574490 code [0x00000001065745e0, 0x0000000106574658]
Event: 7.577 Thread 0x00007fc931014000  973       1       java.lang.ThreadLocal::getMap (5 bytes)
Event: 7.578 Thread 0x00007fc931014000 nmethod 973 0x00000001065a7650 code [0x00000001065a77a0, 0x00000001065a78b0]
Event: 7.598 Thread 0x00007fc931013800  974       4       java.nio.Buffer::limit (62 bytes)

GC Heap History (4 events):
Event: 1.631 GC heap before
{Heap before GC invocations=1 (full 0):
 PSYoungGen      total 38400K, used 29195K [0x0000000795580000, 0x0000000798000000, 0x00000007c0000000)
  eden space 33280K, 87% used [0x0000000795580000,0x0000000797202cd8,0x0000000797600000)
  from space 5120K, 0% used [0x0000000797b00000,0x0000000797b00000,0x0000000798000000)
  to   space 5120K, 0% used [0x0000000797600000,0x0000000797600000,0x0000000797b00000)
 ParOldGen       total 87552K, used 0K [0x0000000740000000, 0x0000000745580000, 0x0000000795580000)
  object space 87552K, 0% used [0x0000000740000000,0x0000000740000000,0x0000000745580000)
 Metaspace       used 9434K, capacity 9633K, committed 9856K, reserved 1058816K
  class space    used 1016K, capacity 1087K, committed 1152K, reserved 1048576K
Event: 1.649 GC heap after
Heap after GC invocations=1 (full 0):
 PSYoungGen      total 38400K, used 5109K [0x0000000795580000, 0x000000079a080000, 0x00000007c0000000)
  eden space 33280K, 0% used [0x0000000795580000,0x0000000795580000,0x0000000797600000)
  from space 5120K, 99% used [0x0000000797600000,0x0000000797afd5f8,0x0000000797b00000)
  to   space 5120K, 0% used [0x0000000799b80000,0x0000000799b80000,0x000000079a080000)
 ParOldGen       total 87552K, used 21845K [0x0000000740000000, 0x0000000745580000, 0x0000000795580000)
  object space 87552K, 24% used [0x0000000740000000,0x00000007415555a8,0x0000000745580000)
 Metaspace       used 9434K, capacity 9633K, committed 9856K, reserved 1058816K
  class space    used 1016K, capacity 1087K, committed 1152K, reserved 1048576K
}
Event: 1.784 GC heap before
{Heap before GC invocations=2 (full 0):
 PSYoungGen      total 38400K, used 38389K [0x0000000795580000, 0x000000079a080000, 0x00000007c0000000)
  eden space 33280K, 100% used [0x0000000795580000,0x0000000797600000,0x0000000797600000)
  from space 5120K, 99% used [0x0000000797600000,0x0000000797afd5f8,0x0000000797b00000)
  to   space 5120K, 0% used [0x0000000799b80000,0x0000000799b80000,0x000000079a080000)
 ParOldGen       total 87552K, used 21845K [0x0000000740000000, 0x0000000745580000, 0x0000000795580000)
  object space 87552K, 24% used [0x0000000740000000,0x00000007415555a8,0x0000000745580000)
 Metaspace       used 9489K, capacity 9697K, committed 9856K, reserved 1058816K
  class space    used 1018K, capacity 1087K, committed 1152K, reserved 1048576K
Event: 1.799 GC heap after
Heap after GC invocations=2 (full 0):
 PSYoungGen      total 71680K, used 5116K [0x0000000795580000, 0x000000079a080000, 0x00000007c0000000)
  eden space 66560K, 0% used [0x0000000795580000,0x0000000795580000,0x0000000799680000)
  from space 5120K, 99% used [0x0000000799b80000,0x000000079a07f0f0,0x000000079a080000)
  to   space 5120K, 0% used [0x0000000799680000,0x0000000799680000,0x0000000799b80000)
 ParOldGen       total 87552K, used 41206K [0x0000000740000000, 0x0000000745580000, 0x0000000795580000)
  object space 87552K, 47% used [0x0000000740000000,0x000000074283da00,0x0000000745580000)
 Metaspace       used 9489K, capacity 9697K, committed 9856K, reserved 1058816K
  class space    used 1018K, capacity 1087K, committed 1152K, reserved 1048576K
}

Deoptimization events (8 events):
Event: 0.412 Thread 0x00007fc931807000 Uncommon trap: reason=unstable_if action=reinterpret pc=0x000000010636241c method=java.lang.String.replace(CC)Ljava/lang/String; @ 26
Event: 1.443 Thread 0x00007fc931807000 Uncommon trap: reason=unstable_if action=reinterpret pc=0x0000000106364e6c method=java.lang.String.indexOf([CII[CIII)I @ 3
Event: 1.449 Thread 0x00007fc931807000 Uncommon trap: reason=class_check action=maybe_recompile pc=0x00000001063ff790 method=java.util.HashMap.putVal(ILjava/lang/Object;Ljava/lang/Object;ZZ)Ljava/lang/Object; @ 253
Event: 1.449 Thread 0x00007fc931807000 Uncommon trap: reason=class_check action=maybe_recompile pc=0x00000001063ff790 method=java.util.HashMap.putVal(ILjava/lang/Object;Ljava/lang/Object;ZZ)Ljava/lang/Object; @ 253
Event: 1.449 Thread 0x00007fc931807000 Uncommon trap: reason=class_check action=maybe_recompile pc=0x00000001063ff790 method=java.util.HashMap.putVal(ILjava/lang/Object;Ljava/lang/Object;ZZ)Ljava/lang/Object; @ 253
Event: 1.449 Thread 0x00007fc931807000 Uncommon trap: reason=class_check action=maybe_recompile pc=0x00000001063ff790 method=java.util.HashMap.putVal(ILjava/lang/Object;Ljava/lang/Object;ZZ)Ljava/lang/Object; @ 253
Event: 1.809 Thread 0x00007fc931807000 Uncommon trap: reason=unstable_if action=reinterpret pc=0x000000010648f9d0 method=java.awt.image.ComponentColorModel.getDataElements(ILjava/lang/Object;)Ljava/lang/Object; @ 2993
Event: 1.809 Thread 0x00007fc931807000 Uncommon trap: reason=unstable_if action=reinterpret pc=0x00000001064903ac method=sun.awt.image.ByteInterleavedRaster.getDataElements(IILjava/lang/Object;)Ljava/lang/Object; @ 43

Internal exceptions (10 events):
Event: 0.145 Thread 0x00007fc931807000 Exception <a 'java/security/PrivilegedActionException'> (0x00000007958b40f8) thrown at [/Users/java_re/workspace/8-2-build-macosx-x86_64/jdk8u60/4407/hotspot/src/share/vm/prims/jvm.cpp, line 1386]
Event: 0.145 Thread 0x00007fc931807000 Exception <a 'java/security/PrivilegedActionException'> (0x00000007958b4308) thrown at [/Users/java_re/workspace/8-2-build-macosx-x86_64/jdk8u60/4407/hotspot/src/share/vm/prims/jvm.cpp, line 1386]
Event: 0.146 Thread 0x00007fc931807000 Exception <a 'java/security/PrivilegedActionException'> (0x00000007958b7790) thrown at [/Users/java_re/workspace/8-2-build-macosx-x86_64/jdk8u60/4407/hotspot/src/share/vm/prims/jvm.cpp, line 1386]
Event: 0.146 Thread 0x00007fc931807000 Exception <a 'java/security/PrivilegedActionException'> (0x00000007958b79a0) thrown at [/Users/java_re/workspace/8-2-build-macosx-x86_64/jdk8u60/4407/hotspot/src/share/vm/prims/jvm.cpp, line 1386]
Event: 0.188 Thread 0x00007fc931807000 Exception <a 'java/lang/NoSuchFieldError': method resolution failed> (0x00000007959861f8) thrown at [/Users/java_re/workspace/8-2-build-macosx-x86_64/jdk8u60/4407/hotspot/src/share/vm/prims/methodHandles.cpp, line 1146]
Event: 0.190 Thread 0x00007fc931807000 Exception <a 'java/lang/NoSuchFieldError': method resolution failed> (0x0000000795993948) thrown at [/Users/java_re/workspace/8-2-build-macosx-x86_64/jdk8u60/4407/hotspot/src/share/vm/prims/methodHandles.cpp, line 1146]
Event: 0.381 Thread 0x00007fc931807000 Exception <a 'java/io/FileNotFoundException'> (0x0000000795a0ec58) thrown at [/Users/java_re/workspace/8-2-build-macosx-x86_64/jdk8u60/4407/hotspot/src/share/vm/prims/jni.cpp, line 709]
Event: 0.381 Thread 0x00007fc931807000 Exception <a 'java/io/FileNotFoundException'> (0x0000000795a0f7e0) thrown at [/Users/java_re/workspace/8-2-build-macosx-x86_64/jdk8u60/4407/hotspot/src/share/vm/prims/jni.cpp, line 709]
Event: 1.809 Thread 0x00007fc931807000 Implicit null exception at 0x000000010648f3e6 to 0x000000010648f9b5
Event: 1.809 Thread 0x00007fc931807000 Implicit null exception at 0x0000000106490164 to 0x0000000106490391

Events (10 events):
Event: 1.864 loading class org/newdawn/slick/AngelCodeFont$DisplayList
Event: 1.864 loading class org/newdawn/slick/AngelCodeFont$DisplayList done
Event: 1.865 loading class org/lwjgl/opengl/Sync
Event: 1.865 loading class org/lwjgl/opengl/Sync done
Event: 1.866 loading class org/lwjgl/opengl/Sync$RunningAvg
Event: 1.866 loading class org/lwjgl/opengl/Sync$RunningAvg done
Event: 3.839 Thread 0x00007fc931807000 DEOPT PACKING pc=0x0000000106526bf3 sp=0x00000001049c2600
Event: 3.839 Thread 0x00007fc931807000 DEOPT UNPACKING pc=0x0000000106205633 sp=0x00000001049c2430 mode 0
Event: 4.115 Executing VM operation: EnableBiasedLocking
Event: 4.115 Executing VM operation: EnableBiasedLocking done


Dynamic libraries:
0x000000000b194000 	/System/Library/Frameworks/Cocoa.framework/Versions/A/Cocoa
0x000000000b194000 	/System/Library/Frameworks/Security.framework/Versions/A/Security
0x000000000b194000 	/System/Library/Frameworks/ApplicationServices.framework/Versions/A/ApplicationServices
0x000000000b194000 	/usr/lib/libz.1.dylib
0x000000000b194000 	/usr/lib/libSystem.B.dylib
0x000000000b194000 	/usr/lib/libobjc.A.dylib
0x000000000b194000 	/System/Library/Frameworks/CoreFoundation.framework/Versions/A/CoreFoundation
0x000000000b194000 	/System/Library/Frameworks/Foundation.framework/Versions/C/Foundation
0x000000000b194000 	/System/Library/Frameworks/AppKit.framework/Versions/C/AppKit
0x000000000b194000 	/System/Library/Frameworks/CoreData.framework/Versions/A/CoreData
0x000000000b194000 	/System/Library/PrivateFrameworks/RemoteViewServices.framework/Versions/A/RemoteViewServices
0x000000000b194000 	/System/Library/PrivateFrameworks/UIFoundation.framework/Versions/A/UIFoundation
0x000000000b194000 	/System/Library/Frameworks/IOSurface.framework/Versions/A/IOSurface
0x000000000b194000 	/System/Library/Frameworks/AudioToolbox.framework/Versions/A/AudioToolbox
0x000000000b194000 	/System/Library/Frameworks/AudioUnit.framework/Versions/A/AudioUnit
0x000000000b194000 	/System/Library/PrivateFrameworks/DataDetectorsCore.framework/Versions/A/DataDetectorsCore
0x000000000b194000 	/System/Library/PrivateFrameworks/DesktopServicesPriv.framework/Versions/A/DesktopServicesPriv
0x000000000b194000 	/System/Library/Frameworks/Carbon.framework/Versions/A/Frameworks/HIToolbox.framework/Versions/A/HIToolbox
0x000000000b194000 	/System/Library/Frameworks/QuartzCore.framework/Versions/A/QuartzCore
0x000000000b194000 	/System/Library/Frameworks/Carbon.framework/Versions/A/Frameworks/SpeechRecognition.framework/Versions/A/SpeechRecognition
0x000000000b194000 	/usr/lib/libauto.dylib
0x000000000b194000 	/usr/lib/libicucore.A.dylib
0x000000000b194000 	/usr/lib/libxml2.2.dylib
0x000000000b194000 	/System/Library/PrivateFrameworks/CoreUI.framework/Versions/A/CoreUI
0x000000000b194000 	/System/Library/Frameworks/CoreAudio.framework/Versions/A/CoreAudio
0x000000000b194000 	/System/Library/Frameworks/DiskArbitration.framework/Versions/A/DiskArbitration
0x000000000b194000 	/usr/lib/liblangid.dylib
0x000000000b194000 	/System/Library/PrivateFrameworks/MultitouchSupport.framework/Versions/A/MultitouchSupport
0x000000000b194000 	/System/Library/Frameworks/IOKit.framework/Versions/A/IOKit
0x000000000b194000 	/usr/lib/libDiagnosticMessagesClient.dylib
0x000000000b194000 	/System/Library/Frameworks/CoreServices.framework/Versions/A/CoreServices
0x000000000b194000 	/System/Library/PrivateFrameworks/PerformanceAnalysis.framework/Versions/A/PerformanceAnalysis
0x000000000b194000 	/System/Library/PrivateFrameworks/GenerationalStorage.framework/Versions/A/GenerationalStorage
0x000000000b194000 	/System/Library/Frameworks/OpenGL.framework/Versions/A/OpenGL
0x000000000b194000 	/System/Library/PrivateFrameworks/Sharing.framework/Versions/A/Sharing
0x000000000b194000 	/System/Library/Frameworks/CoreGraphics.framework/Versions/A/CoreGraphics
0x000000000b194000 	/System/Library/Frameworks/CoreText.framework/Versions/A/CoreText
0x000000000b194000 	/System/Library/Frameworks/ImageIO.framework/Versions/A/ImageIO
0x000000000b194000 	/usr/lib/libextension.dylib
0x000000000b194000 	/System/Library/PrivateFrameworks/Backup.framework/Versions/A/Backup
0x000000000b194000 	/usr/lib/libarchive.2.dylib
0x000000000b194000 	/System/Library/Frameworks/CFNetwork.framework/Versions/A/CFNetwork
0x000000000b194000 	/System/Library/Frameworks/SystemConfiguration.framework/Versions/A/SystemConfiguration
0x000000000b194000 	/usr/lib/libCRFSuite.dylib
0x000000000b194000 	/usr/lib/libc++.1.dylib
0x000000000b194000 	/usr/lib/libc++abi.dylib
0x000000000b194000 	/usr/lib/system/libcache.dylib
0x000000000b194000 	/usr/lib/system/libcommonCrypto.dylib
0x000000000b194000 	/usr/lib/system/libcompiler_rt.dylib
0x000000000b194000 	/usr/lib/system/libcopyfile.dylib
0x000000000b194000 	/usr/lib/system/libcorecrypto.dylib
0x000000000b194000 	/usr/lib/system/libdispatch.dylib
0x000000000b194000 	/usr/lib/system/libdyld.dylib
0x000000000b194000 	/usr/lib/system/libkeymgr.dylib
0x000000000b194000 	/usr/lib/system/liblaunch.dylib
0x000000000b194000 	/usr/lib/system/libmacho.dylib
0x000000000b194000 	/usr/lib/system/libquarantine.dylib
0x000000000b194000 	/usr/lib/system/libremovefile.dylib
0x000000000b194000 	/usr/lib/system/libsystem_asl.dylib
0x000000000b194000 	/usr/lib/system/libsystem_blocks.dylib
0x000000000b194000 	/usr/lib/system/libsystem_c.dylib
0x000000000b194000 	/usr/lib/system/libsystem_configuration.dylib
0x000000000b194000 	/usr/lib/system/libsystem_coreservices.dylib
0x000000000b194000 	/usr/lib/system/libsystem_coretls.dylib
0x000000000b194000 	/usr/lib/system/libsystem_dnssd.dylib
0x000000000b194000 	/usr/lib/system/libsystem_info.dylib
0x000000000b194000 	/usr/lib/system/libsystem_kernel.dylib
0x000000000b194000 	/usr/lib/system/libsystem_m.dylib
0x000000000b194000 	/usr/lib/system/libsystem_malloc.dylib
0x000000000b194000 	/usr/lib/system/libsystem_network.dylib
0x000000000b194000 	/usr/lib/system/libsystem_networkextension.dylib
0x000000000b194000 	/usr/lib/system/libsystem_notify.dylib
0x000000000b194000 	/usr/lib/system/libsystem_platform.dylib
0x000000000b194000 	/usr/lib/system/libsystem_pthread.dylib
0x000000000b194000 	/usr/lib/system/libsystem_sandbox.dylib
0x000000000b194000 	/usr/lib/system/libsystem_secinit.dylib
0x000000000b194000 	/usr/lib/system/libsystem_stats.dylib
0x000000000b194000 	/usr/lib/system/libsystem_trace.dylib
0x000000000b194000 	/usr/lib/system/libunc.dylib
0x000000000b194000 	/usr/lib/system/libunwind.dylib
0x000000000b194000 	/usr/lib/system/libxpc.dylib
0x000000000b194000 	/usr/lib/libbz2.1.0.dylib
0x000000000b194000 	/usr/lib/liblzma.5.dylib
0x000000000b194000 	/usr/lib/libbsm.0.dylib
0x000000000b194000 	/usr/lib/libsqlite3.dylib
0x000000000b194000 	/usr/lib/system/libkxld.dylib
0x000000000b194000 	/usr/lib/libxar.1.dylib
0x000000000b194000 	/usr/lib/libpam.2.dylib
0x000000000b194000 	/usr/lib/libOpenScriptingUtil.dylib
0x000000000b194000 	/System/Library/Frameworks/CoreServices.framework/Versions/A/Frameworks/FSEvents.framework/Versions/A/FSEvents
0x000000000b194000 	/System/Library/Frameworks/CoreServices.framework/Versions/A/Frameworks/CarbonCore.framework/Versions/A/CarbonCore
0x000000000b194000 	/System/Library/Frameworks/CoreServices.framework/Versions/A/Frameworks/Metadata.framework/Versions/A/Metadata
0x000000000b194000 	/System/Library/Frameworks/CoreServices.framework/Versions/A/Frameworks/OSServices.framework/Versions/A/OSServices
0x000000000b194000 	/System/Library/Frameworks/CoreServices.framework/Versions/A/Frameworks/SearchKit.framework/Versions/A/SearchKit
0x000000000b194000 	/System/Library/Frameworks/CoreServices.framework/Versions/A/Frameworks/AE.framework/Versions/A/AE
0x000000000b194000 	/System/Library/Frameworks/CoreServices.framework/Versions/A/Frameworks/LaunchServices.framework/Versions/A/LaunchServices
0x000000000b194000 	/System/Library/Frameworks/CoreServices.framework/Versions/A/Frameworks/DictionaryServices.framework/Versions/A/DictionaryServices
0x000000000b194000 	/System/Library/Frameworks/NetFS.framework/Versions/A/NetFS
0x000000000b194000 	/System/Library/PrivateFrameworks/NetAuth.framework/Versions/A/NetAuth
0x000000000b194000 	/System/Library/PrivateFrameworks/login.framework/Versions/A/Frameworks/loginsupport.framework/Versions/A/loginsupport
0x000000000b194000 	/System/Library/PrivateFrameworks/TCC.framework/Versions/A/TCC
0x000000000b194000 	/usr/lib/libmecabra.dylib
0x000000000b194000 	/System/Library/Frameworks/ApplicationServices.framework/Versions/A/Frameworks/ATS.framework/Versions/A/ATS
0x000000000b194000 	/System/Library/Frameworks/ApplicationServices.framework/Versions/A/Frameworks/ColorSync.framework/Versions/A/ColorSync
0x000000000b194000 	/System/Library/Frameworks/ApplicationServices.framework/Versions/A/Frameworks/HIServices.framework/Versions/A/HIServices
0x000000000b194000 	/System/Library/Frameworks/ApplicationServices.framework/Versions/A/Frameworks/LangAnalysis.framework/Versions/A/LangAnalysis
0x000000000b194000 	/System/Library/Frameworks/ApplicationServices.framework/Versions/A/Frameworks/PrintCore.framework/Versions/A/PrintCore
0x000000000b194000 	/System/Library/Frameworks/ApplicationServices.framework/Versions/A/Frameworks/QD.framework/Versions/A/QD
0x000000000b194000 	/System/Library/Frameworks/ApplicationServices.framework/Versions/A/Frameworks/SpeechSynthesis.framework/Versions/A/SpeechSynthesis
0x000000000b194000 	/System/Library/Frameworks/Accelerate.framework/Versions/A/Accelerate
0x000000000b194000 	/System/Library/Frameworks/Accelerate.framework/Versions/A/Frameworks/vImage.framework/Versions/A/vImage
0x000000000b194000 	/System/Library/Frameworks/Accelerate.framework/Versions/A/Frameworks/vecLib.framework/Versions/A/vecLib
0x000000000b194000 	/System/Library/Frameworks/Accelerate.framework/Versions/A/Frameworks/vecLib.framework/Versions/A/libvDSP.dylib
0x000000000b194000 	/System/Library/Frameworks/Accelerate.framework/Versions/A/Frameworks/vecLib.framework/Versions/A/libvMisc.dylib
0x000000000b194000 	/System/Library/Frameworks/Accelerate.framework/Versions/A/Frameworks/vecLib.framework/Versions/A/libLAPACK.dylib
0x000000000b194000 	/System/Library/Frameworks/Accelerate.framework/Versions/A/Frameworks/vecLib.framework/Versions/A/libBLAS.dylib
0x000000000b194000 	/System/Library/Frameworks/Accelerate.framework/Versions/A/Frameworks/vecLib.framework/Versions/A/libLinearAlgebra.dylib
0x000000000b194000 	/System/Library/Frameworks/ApplicationServices.framework/Versions/A/Frameworks/ATS.framework/Versions/A/Resources/libFontParser.dylib
0x000000000b194000 	/System/Library/Frameworks/ApplicationServices.framework/Versions/A/Frameworks/ATS.framework/Versions/A/Resources/libFontRegistry.dylib
0x000000000b194000 	/System/Library/PrivateFrameworks/AppleVPA.framework/Versions/A/AppleVPA
0x000000000b194000 	/System/Library/PrivateFrameworks/AppleJPEG.framework/Versions/A/AppleJPEG
0x000000000b194000 	/System/Library/Frameworks/ImageIO.framework/Versions/A/Resources/libJPEG.dylib
0x000000000b194000 	/System/Library/Frameworks/ImageIO.framework/Versions/A/Resources/libTIFF.dylib
0x000000000b194000 	/System/Library/Frameworks/ImageIO.framework/Versions/A/Resources/libPng.dylib
0x000000000b194000 	/System/Library/Frameworks/ImageIO.framework/Versions/A/Resources/libGIF.dylib
0x000000000b194000 	/System/Library/Frameworks/ImageIO.framework/Versions/A/Resources/libJP2.dylib
0x000000000b194000 	/System/Library/Frameworks/ImageIO.framework/Versions/A/Resources/libRadiance.dylib
0x000000000b194000 	/System/Library/Frameworks/CoreVideo.framework/Versions/A/CoreVideo
0x000000000b194000 	/System/Library/Frameworks/OpenGL.framework/Versions/A/Libraries/libGLU.dylib
0x000000000b194000 	/System/Library/Frameworks/OpenGL.framework/Versions/A/Libraries/libGFXShared.dylib
0x000000000b194000 	/System/Library/Frameworks/OpenGL.framework/Versions/A/Libraries/libGL.dylib
0x000000000b194000 	/System/Library/Frameworks/OpenGL.framework/Versions/A/Libraries/libGLImage.dylib
0x000000000b194000 	/System/Library/Frameworks/OpenGL.framework/Versions/A/Libraries/libCVMSPluginSupport.dylib
0x000000000b194000 	/System/Library/Frameworks/OpenGL.framework/Versions/A/Libraries/libCoreVMClient.dylib
0x000000000b194000 	/usr/lib/libcups.2.dylib
0x000000000b194000 	/System/Library/Frameworks/Kerberos.framework/Versions/A/Kerberos
0x000000000b194000 	/System/Library/Frameworks/GSS.framework/Versions/A/GSS
0x000000000b194000 	/usr/lib/libresolv.9.dylib
0x000000000b194000 	/usr/lib/libiconv.2.dylib
0x000000000b194000 	/System/Library/PrivateFrameworks/Heimdal.framework/Versions/A/Heimdal
0x000000000b194000 	/usr/lib/libheimdal-asn1.dylib
0x000000000b194000 	/System/Library/Frameworks/OpenDirectory.framework/Versions/A/OpenDirectory
0x000000000b194000 	/System/Library/PrivateFrameworks/CommonAuth.framework/Versions/A/CommonAuth
0x000000000b194000 	/System/Library/Frameworks/OpenDirectory.framework/Versions/A/Frameworks/CFOpenDirectory.framework/Versions/A/CFOpenDirectory
0x000000000b194000 	/System/Library/Frameworks/SecurityFoundation.framework/Versions/A/SecurityFoundation
0x000000000b194000 	/System/Library/PrivateFrameworks/LanguageModeling.framework/Versions/A/LanguageModeling
0x000000000b194000 	/usr/lib/libcmph.dylib
0x000000000b194000 	/System/Library/Frameworks/ServiceManagement.framework/Versions/A/ServiceManagement
0x000000000b194000 	/usr/lib/libxslt.1.dylib
0x000000000b194000 	/System/Library/Frameworks/Carbon.framework/Versions/A/Frameworks/Ink.framework/Versions/A/Ink
0x000000000b194000 	/System/Library/Frameworks/QuartzCore.framework/Versions/A/Frameworks/CoreImage.framework/Versions/A/CoreImage
0x000000000b194000 	/System/Library/PrivateFrameworks/CrashReporterSupport.framework/Versions/A/CrashReporterSupport
0x000000000b194000 	/System/Library/Frameworks/OpenCL.framework/Versions/A/OpenCL
0x000000000b194000 	/System/Library/PrivateFrameworks/FaceCore.framework/Versions/A/FaceCore
0x000000000b194000 	/System/Library/PrivateFrameworks/Ubiquity.framework/Versions/A/Ubiquity
0x000000000b194000 	/System/Library/PrivateFrameworks/IconServices.framework/Versions/A/IconServices
0x000000000b194000 	/System/Library/PrivateFrameworks/ChunkingLibrary.framework/Versions/A/ChunkingLibrary
0x000000000b194000 	/System/Library/PrivateFrameworks/Apple80211.framework/Versions/A/Apple80211
0x000000000b194000 	/System/Library/Frameworks/CoreWLAN.framework/Versions/A/CoreWLAN
0x000000000b194000 	/System/Library/Frameworks/IOBluetooth.framework/Versions/A/IOBluetooth
0x000000000b194000 	/System/Library/PrivateFrameworks/CoreWiFi.framework/Versions/A/CoreWiFi
0x000000000b194000 	/System/Library/Frameworks/CoreBluetooth.framework/Versions/A/CoreBluetooth
0x000000000b194000 	/System/Library/PrivateFrameworks/DebugSymbols.framework/Versions/A/DebugSymbols
0x000000000b194000 	/System/Library/PrivateFrameworks/CoreSymbolication.framework/Versions/A/CoreSymbolication
0x000000000b194000 	/System/Library/PrivateFrameworks/Symbolication.framework/Versions/A/Symbolication
0x000000000b194000 	/System/Library/PrivateFrameworks/SpeechRecognitionCore.framework/Versions/A/SpeechRecognitionCore
0x0000000105200000 	/Library/Java/JavaVirtualMachines/jdk1.8.0_60.jdk/Contents/Home/jre/lib/server/libjvm.dylib
0x000000000b194000 	/usr/lib/libstdc++.6.dylib
0x00000001049c5000 	/Library/Java/JavaVirtualMachines/jdk1.8.0_60.jdk/Contents/Home/jre/lib/libverify.dylib
0x0000000106189000 	/Library/Java/JavaVirtualMachines/jdk1.8.0_60.jdk/Contents/Home/jre/lib/libjava.dylib
0x00000001049dd000 	/Library/Java/JavaVirtualMachines/jdk1.8.0_60.jdk/Contents/Home/jre/lib/libzip.dylib
0x000000011c235000 	/System/Library/Frameworks/JavaVM.framework/Frameworks/JavaRuntimeSupport.framework/JavaRuntimeSupport
0x00000001049e7000 	/System/Library/Frameworks/JavaVM.framework/Versions/A/Frameworks/JavaNativeFoundation.framework/Versions/A/JavaNativeFoundation
0x000000011c250000 	/System/Library/Frameworks/JavaVM.framework/Versions/A/JavaVM
0x000000000b194000 	/System/Library/Frameworks/Carbon.framework/Versions/A/Carbon
0x000000011c25d000 	/System/Library/PrivateFrameworks/JavaLaunching.framework/Versions/A/JavaLaunching
0x000000000b194000 	/System/Library/Frameworks/Carbon.framework/Versions/A/Frameworks/CommonPanels.framework/Versions/A/CommonPanels
0x000000000b194000 	/System/Library/Frameworks/Carbon.framework/Versions/A/Frameworks/Help.framework/Versions/A/Help
0x000000000b194000 	/System/Library/Frameworks/Carbon.framework/Versions/A/Frameworks/ImageCapture.framework/Versions/A/ImageCapture
0x000000000b194000 	/System/Library/Frameworks/Carbon.framework/Versions/A/Frameworks/OpenScripting.framework/Versions/A/OpenScripting
0x000000000b194000 	/System/Library/Frameworks/Carbon.framework/Versions/A/Frameworks/Print.framework/Versions/A/Print
0x000000000b194000 	/System/Library/Frameworks/Carbon.framework/Versions/A/Frameworks/SecurityHI.framework/Versions/A/SecurityHI
0x000000011e1b1000 	/Library/Java/JavaVirtualMachines/jdk1.8.0_60.jdk/Contents/Home/jre/lib/libawt.dylib
0x000000011e259000 	/Library/Java/JavaVirtualMachines/jdk1.8.0_60.jdk/Contents/Home/jre/lib/./libmlib_image.dylib
0x000000011e325000 	/Library/Java/JavaVirtualMachines/jdk1.8.0_60.jdk/Contents/Home/jre/lib/libawt_lwawt.dylib
0x000000011e3da000 	/Library/Java/JavaVirtualMachines/jdk1.8.0_60.jdk/Contents/Home/jre/lib/./libosxapp.dylib
0x000000000b194000 	/System/Library/Frameworks/ExceptionHandling.framework/Versions/A/ExceptionHandling
0x000000000b194000 	/System/Library/PrivateFrameworks/CoreServicesInternal.framework/Versions/A/CoreServicesInternal
0x000000000b194000 	/System/Library/PrivateFrameworks/CloudDocs.framework/Versions/A/CloudDocs
0x000000000b194000 	/System/Library/PrivateFrameworks/CoreDuet.framework/Versions/A/CoreDuet
0x000000000b194000 	/System/Library/Frameworks/CloudKit.framework/Versions/A/CloudKit
0x000000000b194000 	/System/Library/PrivateFrameworks/ProtocolBuffer.framework/Versions/A/ProtocolBuffer
0x000000000b194000 	/System/Library/PrivateFrameworks/CoreDuetDaemonProtocol.framework/Versions/A/CoreDuetDaemonProtocol
0x000000000b194000 	/System/Library/PrivateFrameworks/CoreDuetDebugLogging.framework/Versions/A/CoreDuetDebugLogging
0x000000000b194000 	/System/Library/PrivateFrameworks/MMCS.framework/Versions/A/MMCS
0x000000000b194000 	/System/Library/Frameworks/CoreLocation.framework/Versions/A/CoreLocation
0x000000000b194000 	/System/Library/PrivateFrameworks/ProtectedCloudStorage.framework/Versions/A/ProtectedCloudStorage
0x000000000b194000 	/System/Library/PrivateFrameworks/GeoServices.framework/Versions/A/GeoServices
0x000000000b194000 	/System/Library/Frameworks/CoreGraphics.framework/Versions/A/Resources/libCGCMS.A.dylib
0x000000000b194000 	/System/Library/Frameworks/CoreGraphics.framework/Versions/A/Resources/libRIP.A.dylib
0x000000000b194000 	/System/Library/Frameworks/CoreGraphics.framework/Versions/A/Resources/libCGXType.A.dylib
0x000000000b194000 	/System/Library/Frameworks/OpenCL.framework/Versions/A/Libraries/libcldcpuengine.dylib
0x000000000b194000 	/System/Library/PrivateFrameworks/DiskImages.framework/Versions/A/DiskImages
0x000000000b194000 	/System/Library/Frameworks/DiscRecording.framework/Versions/A/DiscRecording
0x000000000b194000 	/usr/lib/libcsfde.dylib
0x000000000b194000 	/usr/lib/libcurl.4.dylib
0x000000000b194000 	/System/Library/PrivateFrameworks/MediaKit.framework/Versions/A/MediaKit
0x000000000b194000 	/usr/lib/libCoreStorage.dylib
0x000000000b194000 	/System/Library/PrivateFrameworks/EFILogin.framework/Versions/A/EFILogin
0x000000000b194000 	/usr/lib/libutil.dylib
0x000000000b194000 	/System/Library/PrivateFrameworks/FindMyDevice.framework/Versions/A/FindMyDevice
0x000000000b194000 	/System/Library/Frameworks/LDAP.framework/Versions/A/LDAP
0x000000000b194000 	/usr/lib/libsasl2.2.dylib
0x000000000b194000 	/System/Library/PrivateFrameworks/CoreDaemon.framework/Versions/B/CoreDaemon
0x000000000b194000 	/usr/lib/libcrypto.0.9.8.dylib
0x000000000b194000 	/System/Library/PrivateFrameworks/AppleSRP.framework/Versions/A/AppleSRP
0x000000000b194000 	/System/Library/PrivateFrameworks/TrustEvaluationAgent.framework/Versions/A/TrustEvaluationAgent
0x000000011fc07000 	cl_kernels
0x000000011fc09000 	/System/Library/Frameworks/OpenCL.framework/Versions/A/Libraries/ImageFormats/unorm8_bgra.dylib
0x000000011fbf8000 	cl_kernels
0x000000000b194000 	/System/Library/PrivateFrameworks/FamilyControls.framework/Versions/A/FamilyControls
0x000000000b194000 	/System/Library/PrivateFrameworks/CommerceKit.framework/Versions/A/Frameworks/CommerceCore.framework/Versions/A/CommerceCore
0x000000000b194000 	/System/Library/PrivateFrameworks/SystemAdministration.framework/Versions/A/SystemAdministration
0x000000000b194000 	/System/Library/PrivateFrameworks/AppContainer.framework/Versions/A/AppContainer
0x000000000b194000 	/System/Library/PrivateFrameworks/SecCodeWrapper.framework/Versions/A/SecCodeWrapper
0x000000000b194000 	/System/Library/Frameworks/DirectoryService.framework/Versions/A/DirectoryService
0x000000000b194000 	/System/Library/PrivateFrameworks/LoginUIKit.framework/Versions/A/Frameworks/LoginUICore.framework/Versions/A/LoginUICore
0x000000000b194000 	/usr/lib/libodfde.dylib
0x000000011fdd3000 	/Library/Java/JavaVirtualMachines/jdk1.8.0_60.jdk/Contents/Home/jre/lib/libfontmanager.dylib
0x000000011fe3a000 	/Users/jasperketelaar/Documents/TU Delft/Software Engineering/Asteroids-group-7/lwjgl/native/macosx/liblwjgl.dylib
0x000000011fb87000 	/Library/Java/JavaVirtualMachines/jdk1.8.0_60.jdk/Contents/Home/jre/lib/libjawt.dylib
0x000000000b194000 	/System/Library/Frameworks/OpenGL.framework/Versions/A/Resources/GLEngine.bundle/GLEngine
0x000000000b194000 	/System/Library/Frameworks/OpenGL.framework/Versions/A/Libraries/libGLProgrammability.dylib
0x0000000124099000 	/System/Library/Extensions/AppleIntelBDWGraphicsGLDriver.bundle/Contents/MacOS/AppleIntelBDWGraphicsGLDriver
0x000000000b194000 	/System/Library/PrivateFrameworks/IOAccelerator.framework/Versions/A/IOAccelerator
0x000000000b194000 	/System/Library/PrivateFrameworks/GPUSupport.framework/Versions/A/Libraries/libGPUSupportMercury.dylib
0x000000000b194000 	/System/Library/Frameworks/OpenGL.framework/Versions/A/Resources/GLRendererFloat.bundle/GLRendererFloat
0x000000011fba4000 	/Users/jasperketelaar/Documents/TU Delft/Software Engineering/Asteroids-group-7/lwjgl/native/macosx/libjinput-osx.dylib
0x0000000124eac000 	/System/Library/Extensions/IOHIDFamily.kext/Contents/PlugIns/IOHIDLib.plugin/Contents/MacOS/IOHIDLib
0x0000000124ed3000 	/Library/Java/JavaVirtualMachines/jdk1.8.0_60.jdk/Contents/Home/jre/lib/libnio.dylib
0x0000000124ee3000 	/Library/Java/JavaVirtualMachines/jdk1.8.0_60.jdk/Contents/Home/jre/lib/./libnet.dylib
0x0000000124ffd000 	/Library/Java/JavaVirtualMachines/jdk1.8.0_60.jdk/Contents/Home/jre/lib/libjpeg.dylib
0x000000012503d000 	/Library/Java/JavaVirtualMachines/jdk1.8.0_60.jdk/Contents/Home/jre/lib/liblcms.dylib

VM Arguments:
jvm_args: -Djava.library.path=/Users/jasperketelaar/Documents/TU Delft/Software Engineering/Asteroids-group-7/lwjgl/native/macosx -Dfile.encoding=UTF-8 
java_command: nl.tudelft.asteroids.Launch
java_class_path (initial): /Users/jasperketelaar/Documents/TU Delft/Software Engineering/Asteroids-group-7/bin:/Users/jasperketelaar/Documents/TU Delft/Software Engineering/Asteroids-group-7/lib/jinput.jar:/Users/jasperketelaar/Documents/TU Delft/Software Engineering/Asteroids-group-7/lib/lwjgl_util.jar:/Users/jasperketelaar/Documents/TU Delft/Software Engineering/Asteroids-group-7/lib/lwjgl.jar:/Users/jasperketelaar/Documents/TU Delft/Software Engineering/Asteroids-group-7/lib/slick.jar
Launcher Type: SUN_STANDARD

Environment Variables:
PATH=/usr/bin:/bin:/usr/sbin:/sbin
SHELL=/bin/bash

Signal Handlers:
SIGSEGV: [libjvm.dylib+0x5a6d31], sa_mask[0]=11111111011111110111111111111111, sa_flags=SA_ONSTACK|SA_RESTART|SA_SIGINFO
SIGBUS: [libjvm.dylib+0x5a6d31], sa_mask[0]=11111111011111110111111111111111, sa_flags=SA_RESTART|SA_SIGINFO
SIGFPE: [libjvm.dylib+0x480a4c], sa_mask[0]=11111111011111110111111111111111, sa_flags=SA_RESTART|SA_SIGINFO
SIGPIPE: [libjvm.dylib+0x480a4c], sa_mask[0]=11111111011111110111111111111111, sa_flags=SA_RESTART|SA_SIGINFO
SIGXFSZ: [libjvm.dylib+0x480a4c], sa_mask[0]=11111111011111110111111111111111, sa_flags=SA_RESTART|SA_SIGINFO
SIGILL: [libjvm.dylib+0x480a4c], sa_mask[0]=11111111011111110111111111111111, sa_flags=SA_RESTART|SA_SIGINFO
SIGUSR1: SIG_DFL, sa_mask[0]=00000000000000000000000000000000, sa_flags=none
SIGUSR2: [libjvm.dylib+0x48056a], sa_mask[0]=00100000000000000000000000000000, sa_flags=SA_RESTART|SA_SIGINFO
SIGHUP: [libjvm.dylib+0x47eb41], sa_mask[0]=11111111011111110111111111111111, sa_flags=SA_RESTART|SA_SIGINFO
SIGINT: [libjvm.dylib+0x47eb41], sa_mask[0]=11111111011111110111111111111111, sa_flags=SA_RESTART|SA_SIGINFO
SIGTERM: [libjvm.dylib+0x47eb41], sa_mask[0]=11111111011111110111111111111111, sa_flags=SA_RESTART|SA_SIGINFO
SIGQUIT: [libjvm.dylib+0x47eb41], sa_mask[0]=11111111011111110111111111111111, sa_flags=SA_RESTART|SA_SIGINFO


---------------  S Y S T E M  ---------------

OS:Bsduname:Darwin 14.5.0 Darwin Kernel Version 14.5.0: Wed Jul 29 02:26:53 PDT 2015; root:xnu-2782.40.9~1/RELEASE_X86_64 x86_64
rlimit: STACK 8192k, CORE 0k, NPROC 709, NOFILE 10240, AS infinity
load average:2.31 2.18 1.92

CPU:total 4 (2 cores per cpu, 2 threads per core) family 6 model 61 stepping 4, cmov, cx8, fxsr, mmx, sse, sse2, sse3, ssse3, sse4.1, sse4.2, popcnt, avx, avx2, aes, clmul, erms, 3dnowpref, lzcnt, ht, tsc, tscinvbit, bmi1, bmi2, adx

Memory: 4k page, physical 8388608k(1656468k free)

/proc/meminfo:


vm_info: Java HotSpot(TM) 64-Bit Server VM (25.60-b23) for bsd-amd64 JRE (1.8.0_60-b27), built on Aug  4 2015 10:47:24 by "java_re" with gcc 4.2.1 (Based on Apple Inc. build 5658) (LLVM build 2336.11.00)

time: Mon Sep 12 10:13:35 2016
elapsed time: 7 seconds (0d 0h 0m 7s)

